Using pre-set license
Built from '2021.3/staging' branch; Version is '2021.3.8f1 (b30333d56e81) revision 11731763'; Using compiler version '192829333'; Build Type 'Release'
OS: 'Windows 10  (10.0.19044) 64bit CoreSingleLanguage' Language: 'en' Physical Memory: 32588 MB
BatchMode: 1, IsHumanControllingUs: 0, StartBugReporterOnCrash: 0, Is64bit: 1, IsPro: 1

COMMAND LINE ARGUMENTS:
C:\Program Files\Unity\Hub\Editor\2021.3.8f1\Editor\Unity.exe
-adb2
-batchMode
-noUpm
-name
AssetImportWorker4
-projectPath
D:/Projects/UnityProjects/InvisibleEvilJam/InvisibleEvil
-logFile
Logs/AssetImportWorker4.log
-srvPort
51799
Successfully changed project path to: D:/Projects/UnityProjects/InvisibleEvilJam/InvisibleEvil
D:/Projects/UnityProjects/InvisibleEvilJam/InvisibleEvil
[UnityMemory] Configuration Parameters - Can be set up in boot.config
    "memorysetup-bucket-allocator-granularity=16"
    "memorysetup-bucket-allocator-bucket-count=8"
    "memorysetup-bucket-allocator-block-size=33554432"
    "memorysetup-bucket-allocator-block-count=8"
    "memorysetup-main-allocator-block-size=16777216"
    "memorysetup-thread-allocator-block-size=16777216"
    "memorysetup-gfx-main-allocator-block-size=16777216"
    "memorysetup-gfx-thread-allocator-block-size=16777216"
    "memorysetup-cache-allocator-block-size=4194304"
    "memorysetup-typetree-allocator-block-size=2097152"
    "memorysetup-profiler-bucket-allocator-granularity=16"
    "memorysetup-profiler-bucket-allocator-bucket-count=8"
    "memorysetup-profiler-bucket-allocator-block-size=33554432"
    "memorysetup-profiler-bucket-allocator-block-count=8"
    "memorysetup-profiler-allocator-block-size=16777216"
    "memorysetup-profiler-editor-allocator-block-size=1048576"
    "memorysetup-temp-allocator-size-main=16777216"
    "memorysetup-job-temp-allocator-block-size=2097152"
    "memorysetup-job-temp-allocator-block-size-background=1048576"
    "memorysetup-job-temp-allocator-reduction-small-platforms=262144"
    "memorysetup-temp-allocator-size-background-worker=32768"
    "memorysetup-temp-allocator-size-job-worker=262144"
    "memorysetup-temp-allocator-size-preload-manager=33554432"
    "memorysetup-temp-allocator-size-nav-mesh-worker=65536"
    "memorysetup-temp-allocator-size-audio-worker=65536"
    "memorysetup-temp-allocator-size-cloud-worker=32768"
    "memorysetup-temp-allocator-size-gi-baking-worker=262144"
    "memorysetup-temp-allocator-size-gfx=262144"
Refreshing native plugins compatible for Editor in 85.56 ms, found 3 plugins.
Preloading 0 native plugins for Editor in 0.00 ms.
Initialize engine version: 2021.3.8f1 (b30333d56e81)
[Subsystems] Discovering subsystems at path C:/Program Files/Unity/Hub/Editor/2021.3.8f1/Editor/Data/Resources/UnitySubsystems
[Subsystems] Discovering subsystems at path D:/Projects/UnityProjects/InvisibleEvilJam/InvisibleEvil/Assets
GfxDevice: creating device client; threaded=0; jobified=0
Direct3D:
    Version:  Direct3D 11.0 [level 11.1]
    Renderer: NVIDIA GeForce RTX 2070 (ID=0x1f14)
    Vendor:   NVIDIA
    VRAM:     8031 MB
    Driver:   27.21.14.5751
Initialize mono
Mono path[0] = 'C:/Program Files/Unity/Hub/Editor/2021.3.8f1/Editor/Data/Managed'
Mono path[1] = 'C:/Program Files/Unity/Hub/Editor/2021.3.8f1/Editor/Data/MonoBleedingEdge/lib/mono/unityjit-win32'
Mono config path = 'C:/Program Files/Unity/Hub/Editor/2021.3.8f1/Editor/Data/MonoBleedingEdge/etc'
Using monoOptions --debugger-agent=transport=dt_socket,embedding=1,server=y,suspend=n,address=127.0.0.1:56712
Begin MonoManager ReloadAssembly
Registering precompiled unity dll's ...
Register platform support module: C:/Program Files/Unity/Hub/Editor/2021.3.8f1/Editor/Data/PlaybackEngines/WindowsStandaloneSupport/UnityEditor.WindowsStandalone.Extensions.dll
Registered in 0.008065 seconds.
Native extension for WindowsStandalone target not found
Refreshing native plugins compatible for Editor in 80.59 ms, found 3 plugins.
Preloading 0 native plugins for Editor in 0.00 ms.
Mono: successfully reloaded assembly
- Completed reload, in  0.620 seconds
Domain Reload Profiling:
	ReloadAssembly (621ms)
		BeginReloadAssembly (74ms)
			ExecutionOrderSort (0ms)
			DisableScriptedObjects (0ms)
			BackupInstance (0ms)
			ReleaseScriptingObjects (0ms)
			CreateAndSetChildDomain (1ms)
		EndReloadAssembly (437ms)
			LoadAssemblies (71ms)
			RebuildTransferFunctionScriptingTraits (0ms)
			SetupTypeCache (98ms)
			ReleaseScriptCaches (0ms)
			RebuildScriptCaches (26ms)
			SetupLoadedEditorAssemblies (263ms)
				LogAssemblyErrors (0ms)
				InitializePlatformSupportModulesInManaged (9ms)
				SetLoadedEditorAssemblies (0ms)
				RefreshPlugins (81ms)
				BeforeProcessingInitializeOnLoad (1ms)
				ProcessInitializeOnLoadAttributes (131ms)
				ProcessInitializeOnLoadMethodAttributes (41ms)
				AfterProcessingInitializeOnLoad (0ms)
				EditorAssembliesLoaded (0ms)
			ExecutionOrderSort2 (0ms)
			AwakeInstancesAfterBackupRestoration (0ms)
Platform modules already initialized, skipping
Registering precompiled user dll's ...
Registered in 0.003303 seconds.
Begin MonoManager ReloadAssembly
Symbol file LoadedFromMemory doesn't match image D:\Projects\UnityProjects\InvisibleEvilJam\InvisibleEvil\Library\PackageCache\com.unity.visualscripting@1.7.8\Editor\VisualScripting.Core\Dependencies\YamlDotNet\Unity.VisualScripting.YamlDotNet.dll
Symbol file LoadedFromMemory doesn't match image D:\Projects\UnityProjects\InvisibleEvilJam\InvisibleEvil\Library\PackageCache\com.unity.visualscripting@1.7.8\Editor\VisualScripting.Core\Dependencies\DotNetZip\Unity.VisualScripting.IonicZip.dll
Native extension for WindowsStandalone target not found
Refreshing native plugins compatible for Editor in 0.62 ms, found 3 plugins.
Preloading 0 native plugins for Editor in 0.00 ms.
Mono: successfully reloaded assembly
- Completed reload, in  0.997 seconds
Domain Reload Profiling:
	ReloadAssembly (998ms)
		BeginReloadAssembly (112ms)
			ExecutionOrderSort (0ms)
			DisableScriptedObjects (6ms)
			BackupInstance (0ms)
			ReleaseScriptingObjects (0ms)
			CreateAndSetChildDomain (19ms)
		EndReloadAssembly (769ms)
			LoadAssemblies (79ms)
			RebuildTransferFunctionScriptingTraits (0ms)
			SetupTypeCache (235ms)
			ReleaseScriptCaches (1ms)
			RebuildScriptCaches (53ms)
			SetupLoadedEditorAssemblies (366ms)
				LogAssemblyErrors (0ms)
				InitializePlatformSupportModulesInManaged (6ms)
				SetLoadedEditorAssemblies (0ms)
				RefreshPlugins (1ms)
				BeforeProcessingInitializeOnLoad (83ms)
				ProcessInitializeOnLoadAttributes (242ms)
				ProcessInitializeOnLoadMethodAttributes (24ms)
				AfterProcessingInitializeOnLoad (10ms)
				EditorAssembliesLoaded (0ms)
			ExecutionOrderSort2 (0ms)
			AwakeInstancesAfterBackupRestoration (6ms)
Platform modules already initialized, skipping
========================================================================
Worker process is ready to serve import requests
Launched and connected shader compiler UnityShaderCompiler.exe after 0.04 seconds
Refreshing native plugins compatible for Editor in 0.84 ms, found 3 plugins.
Preloading 0 native plugins for Editor in 0.00 ms.
Unloading 3679 Unused Serialized files (Serialized files now loaded: 0)
Unloading 25 unused Assets / (93.1 KB). Loaded Objects now: 4145.
Memory consumption went from 131.5 MB to 131.4 MB.
Total: 3.294900 ms (FindLiveObjects: 0.298700 ms CreateObjectMapping: 0.233600 ms MarkObjects: 2.650400 ms  DeleteObjects: 0.111300 ms)

AssetImportParameters requested are different than current active one (requested -> active):
  custom:video-decoder-ogg-theora: a1e56fd34408186e4bbccfd4996cb3dc -> 
  custom:container-muxer-webm: aa71ff27fc2769a1b78a27578f13a17b -> 
  custom:container-demuxer-webm: 4f35f7cbe854078d1ac9338744f61a02 -> 
  custom:video-encoder-webm-vp8: eb34c28f22e8b96e1ab97ce403110664 -> 
  custom:audio-encoder-webm-vorbis: bf7c407c2cedff20999df2af8eb42d56 -> 
  custom:framework-win-MediaFoundation: 216162199b28c13a410421893ffa2e32 -> 
  custom:container-demuxer-ogg: 62fdf1f143b41e24485cea50d1cbac27 -> 
  custom:video-decoder-webm-vp8: 9c59270c3fd7afecdb556c50c9e8de78 -> 
  custom:audio-decoder-ogg-vorbis: bf7c407c2cedff20999df2af8eb42d56 -> 
========================================================================
Received Import Request.
  Time since last request: 445830.663272 seconds.
  path: Assets/Prefabs/EA_Bld_Monument_1c.prefab
  artifactKey: Guid(a73d72b5bf7183d48a7f170e2789277e) Importer(815301076,1909f56bfc062723c751e8b465ee728b)
Start importing Assets/Prefabs/EA_Bld_Monument_1c.prefab using Guid(a73d72b5bf7183d48a7f170e2789277e) Importer(815301076,1909f56bfc062723c751e8b465ee728b)  -> (artifact id: '8d0b7b023bfe63c1f11c5ded855985b6') in 0.113492 seconds 
========================================================================
Received Import Request.
  Time since last request: 15.119186 seconds.
  path: Assets/Prefabs/EA_Arch_Wall03_End_01c.prefab
  artifactKey: Guid(b7f029527051f434899ba68ea30bfa12) Importer(815301076,1909f56bfc062723c751e8b465ee728b)
Start importing Assets/Prefabs/EA_Arch_Wall03_End_01c.prefab using Guid(b7f029527051f434899ba68ea30bfa12) Importer(815301076,1909f56bfc062723c751e8b465ee728b)  -> (artifact id: '52867e8ce3163c2205d0d717077cf8b2') in 0.010548 seconds 
========================================================================
Received Import Request.
  Time since last request: 0.000015 seconds.
  path: Assets/Prefabs/EA_Arch_Wall04_Ruin_01a.prefab
  artifactKey: Guid(b626df506f6b9dd49b988ab20b929ccc) Importer(815301076,1909f56bfc062723c751e8b465ee728b)
Start importing Assets/Prefabs/EA_Arch_Wall04_Ruin_01a.prefab using Guid(b626df506f6b9dd49b988ab20b929ccc) Importer(815301076,1909f56bfc062723c751e8b465ee728b)  -> (artifact id: '58590ada53204ea4e7b78a3f841a2e10') in 0.011387 seconds 
========================================================================
Received Import Request.
  Time since last request: 0.000032 seconds.
  path: Assets/Prefabs/EA_Arch_Wall03_Rubble_01c.prefab
  artifactKey: Guid(41502e84fcd9cf048935797fe8a1533d) Importer(815301076,1909f56bfc062723c751e8b465ee728b)
Start importing Assets/Prefabs/EA_Arch_Wall03_Rubble_01c.prefab using Guid(41502e84fcd9cf048935797fe8a1533d) Importer(815301076,1909f56bfc062723c751e8b465ee728b)  -> (artifact id: 'b70acd14d4a466a973baf633c8d4bb17') in 0.013499 seconds 
========================================================================
Received Import Request.
  Time since last request: 0.000065 seconds.
  path: Assets/Prefabs/EA_Arch_Wall03_Seam_01b.prefab
  artifactKey: Guid(7469707d43fa3bd42a0e9ef4224c903f) Importer(815301076,1909f56bfc062723c751e8b465ee728b)
Start importing Assets/Prefabs/EA_Arch_Wall03_Seam_01b.prefab using Guid(7469707d43fa3bd42a0e9ef4224c903f) Importer(815301076,1909f56bfc062723c751e8b465ee728b)  -> (artifact id: '337ad3c46c4aa6f6dae813351a0247f2') in 0.010722 seconds 
========================================================================
Received Import Request.
  Time since last request: 0.000023 seconds.
  path: Assets/Prefabs/EA_Bld_Column_01a.prefab
  artifactKey: Guid(502f3bb70186e4642b32d24842743217) Importer(815301076,1909f56bfc062723c751e8b465ee728b)
Start importing Assets/Prefabs/EA_Bld_Column_01a.prefab using Guid(502f3bb70186e4642b32d24842743217) Importer(815301076,1909f56bfc062723c751e8b465ee728b)  -> (artifact id: 'cbd0809f54449b4d14dcbdd893f26736') in 0.011879 seconds 
========================================================================
Received Import Request.
  Time since last request: 0.895234 seconds.
  path: Assets/Prefabs/EA03_Environment_Mud_03.prefab
  artifactKey: Guid(9ed85744fba445b4297ca4704a642dbb) Importer(815301076,1909f56bfc062723c751e8b465ee728b)
Start importing Assets/Prefabs/EA03_Environment_Mud_03.prefab using Guid(9ed85744fba445b4297ca4704a642dbb) Importer(815301076,1909f56bfc062723c751e8b465ee728b)  -> (artifact id: '77f6aab1285fb7d10ab5c0b0ef4202ed') in 0.009890 seconds 
========================================================================
Received Import Request.
  Time since last request: 0.000031 seconds.
  path: Assets/Prefabs/EA03_Prop_Container_Barrel_01c.prefab
  artifactKey: Guid(a1902493829d4c246b82f83e15baadbb) Importer(815301076,1909f56bfc062723c751e8b465ee728b)
Start importing Assets/Prefabs/EA03_Prop_Container_Barrel_01c.prefab using Guid(a1902493829d4c246b82f83e15baadbb) Importer(815301076,1909f56bfc062723c751e8b465ee728b)  -> (artifact id: 'ad4a81b4a4020adef2154e159521952c') in 0.010705 seconds 
========================================================================
Received Import Request.
  Time since last request: 0.000016 seconds.
  path: Assets/Prefabs/EA_Arch_Wall03_Corner_01c.prefab
  artifactKey: Guid(73dc3f1d0bae0804dbab1c1e99b33a7a) Importer(815301076,1909f56bfc062723c751e8b465ee728b)
Start importing Assets/Prefabs/EA_Arch_Wall03_Corner_01c.prefab using Guid(73dc3f1d0bae0804dbab1c1e99b33a7a) Importer(815301076,1909f56bfc062723c751e8b465ee728b)  -> (artifact id: 'c5567d6d9487c9f305a8987a23c9ce8e') in 0.013024 seconds 
========================================================================
Received Import Request.
  Time since last request: 0.000015 seconds.
  path: Assets/Prefabs/EA_Arch_Wall02_Ruin_01b.prefab
  artifactKey: Guid(91a54036342250249a2ea3250b9767bd) Importer(815301076,1909f56bfc062723c751e8b465ee728b)
Start importing Assets/Prefabs/EA_Arch_Wall02_Ruin_01b.prefab using Guid(91a54036342250249a2ea3250b9767bd) Importer(815301076,1909f56bfc062723c751e8b465ee728b)  -> (artifact id: 'e195ab8cc6c2e8b75c7062a1376c435b') in 0.010569 seconds 
========================================================================
Received Import Request.
  Time since last request: 0.000017 seconds.
  path: Assets/Prefabs/EA03_Environment_Nature_Tree_1b.001.prefab
  artifactKey: Guid(fead7044a0d606d4095c7fc2131867aa) Importer(815301076,1909f56bfc062723c751e8b465ee728b)
Start importing Assets/Prefabs/EA03_Environment_Nature_Tree_1b.001.prefab using Guid(fead7044a0d606d4095c7fc2131867aa) Importer(815301076,1909f56bfc062723c751e8b465ee728b)  -> (artifact id: '17f6cb6ac2702f2934ce422703be98de') in 0.011405 seconds 
========================================================================
Received Import Request.
  Time since last request: 0.511796 seconds.
  path: Assets/Prefabs/EA0_Nature_Tree_Crow_04c.prefab
  artifactKey: Guid(0265b307bcf6ee646b235869edd562eb) Importer(815301076,1909f56bfc062723c751e8b465ee728b)
Start importing Assets/Prefabs/EA0_Nature_Tree_Crow_04c.prefab using Guid(0265b307bcf6ee646b235869edd562eb) Importer(815301076,1909f56bfc062723c751e8b465ee728b)  -> (artifact id: '28c08ca56bacafaf6481e65bff8b3ceb') in 0.008693 seconds 
========================================================================
Received Import Request.
  Time since last request: 0.000027 seconds.
  path: Assets/Prefabs/EA01_Env_Road_Cobble_Moss_04c.prefab
  artifactKey: Guid(5ea1e646838374e498f5cc5487d26dc4) Importer(815301076,1909f56bfc062723c751e8b465ee728b)
Start importing Assets/Prefabs/EA01_Env_Road_Cobble_Moss_04c.prefab using Guid(5ea1e646838374e498f5cc5487d26dc4) Importer(815301076,1909f56bfc062723c751e8b465ee728b)  -> (artifact id: '03a819685da433688260760471c05ebc') in 0.009691 seconds 
========================================================================
Received Import Request.
  Time since last request: 0.000023 seconds.
  path: Assets/Prefabs/EA01_Env_Road_Cobble_02a.prefab
  artifactKey: Guid(754e405a01f68084eb0c22aa7d24c754) Importer(815301076,1909f56bfc062723c751e8b465ee728b)
Start importing Assets/Prefabs/EA01_Env_Road_Cobble_02a.prefab using Guid(754e405a01f68084eb0c22aa7d24c754) Importer(815301076,1909f56bfc062723c751e8b465ee728b)  -> (artifact id: '4d7b4609a95742a1f9ff6e8b425e4a0a') in 0.013848 seconds 
========================================================================
Received Import Request.
  Time since last request: 0.000014 seconds.
  path: Assets/Prefabs/EA01_Env_Road_Cobble_Moss_04a.prefab
  artifactKey: Guid(847857b2e7e1d644da9890061b195c6b) Importer(815301076,1909f56bfc062723c751e8b465ee728b)
Start importing Assets/Prefabs/EA01_Env_Road_Cobble_Moss_04a.prefab using Guid(847857b2e7e1d644da9890061b195c6b) Importer(815301076,1909f56bfc062723c751e8b465ee728b)  -> (artifact id: '9e9371b74ed5d9c17ca16a262797c323') in 0.010208 seconds 
========================================================================
Received Import Request.
  Time since last request: 0.000013 seconds.
  path: Assets/Prefabs/EA01_Env_Road_Cobble_Moss_03b.prefab
  artifactKey: Guid(20e109a0a4b984c4caaf8e888dea23bd) Importer(815301076,1909f56bfc062723c751e8b465ee728b)
Start importing Assets/Prefabs/EA01_Env_Road_Cobble_Moss_03b.prefab using Guid(20e109a0a4b984c4caaf8e888dea23bd) Importer(815301076,1909f56bfc062723c751e8b465ee728b)  -> (artifact id: '99164f749855841b9ce80c2377d19654') in 0.013501 seconds 
========================================================================
Received Prepare
Registering precompiled user dll's ...
Registered in 0.013788 seconds.
