Using pre-set license
Built from '2021.3/staging' branch; Version is '2021.3.8f1 (b30333d56e81) revision 11731763'; Using compiler version '192829333'; Build Type 'Release'
OS: 'Windows 10  (10.0.19044) 64bit CoreSingleLanguage' Language: 'en' Physical Memory: 32588 MB
BatchMode: 1, IsHumanControllingUs: 0, StartBugReporterOnCrash: 0, Is64bit: 1, IsPro: 1

COMMAND LINE ARGUMENTS:
C:\Program Files\Unity\Hub\Editor\2021.3.8f1\Editor\Unity.exe
-adb2
-batchMode
-noUpm
-name
AssetImportWorker2
-projectPath
D:/Projects/UnityProjects/InvisibleEvilJam/InvisibleEvil
-logFile
Logs/AssetImportWorker2.log
-srvPort
50895
Successfully changed project path to: D:/Projects/UnityProjects/InvisibleEvilJam/InvisibleEvil
D:/Projects/UnityProjects/InvisibleEvilJam/InvisibleEvil
[UnityMemory] Configuration Parameters - Can be set up in boot.config
    "memorysetup-bucket-allocator-granularity=16"
    "memorysetup-bucket-allocator-bucket-count=8"
    "memorysetup-bucket-allocator-block-size=33554432"
    "memorysetup-bucket-allocator-block-count=8"
    "memorysetup-main-allocator-block-size=16777216"
    "memorysetup-thread-allocator-block-size=16777216"
    "memorysetup-gfx-main-allocator-block-size=16777216"
    "memorysetup-gfx-thread-allocator-block-size=16777216"
    "memorysetup-cache-allocator-block-size=4194304"
    "memorysetup-typetree-allocator-block-size=2097152"
    "memorysetup-profiler-bucket-allocator-granularity=16"
    "memorysetup-profiler-bucket-allocator-bucket-count=8"
    "memorysetup-profiler-bucket-allocator-block-size=33554432"
    "memorysetup-profiler-bucket-allocator-block-count=8"
    "memorysetup-profiler-allocator-block-size=16777216"
    "memorysetup-profiler-editor-allocator-block-size=1048576"
    "memorysetup-temp-allocator-size-main=16777216"
    "memorysetup-job-temp-allocator-block-size=2097152"
    "memorysetup-job-temp-allocator-block-size-background=1048576"
    "memorysetup-job-temp-allocator-reduction-small-platforms=262144"
    "memorysetup-temp-allocator-size-background-worker=32768"
    "memorysetup-temp-allocator-size-job-worker=262144"
    "memorysetup-temp-allocator-size-preload-manager=33554432"
    "memorysetup-temp-allocator-size-nav-mesh-worker=65536"
    "memorysetup-temp-allocator-size-audio-worker=65536"
    "memorysetup-temp-allocator-size-cloud-worker=32768"
    "memorysetup-temp-allocator-size-gi-baking-worker=262144"
    "memorysetup-temp-allocator-size-gfx=262144"
Refreshing native plugins compatible for Editor in 86.81 ms, found 3 plugins.
Preloading 0 native plugins for Editor in 0.00 ms.
Initialize engine version: 2021.3.8f1 (b30333d56e81)
[Subsystems] Discovering subsystems at path C:/Program Files/Unity/Hub/Editor/2021.3.8f1/Editor/Data/Resources/UnitySubsystems
[Subsystems] Discovering subsystems at path D:/Projects/UnityProjects/InvisibleEvilJam/InvisibleEvil/Assets
GfxDevice: creating device client; threaded=0; jobified=0
Direct3D:
    Version:  Direct3D 11.0 [level 11.1]
    Renderer: NVIDIA GeForce RTX 2070 (ID=0x1f14)
    Vendor:   NVIDIA
    VRAM:     8031 MB
    Driver:   27.21.14.5751
Initialize mono
Mono path[0] = 'C:/Program Files/Unity/Hub/Editor/2021.3.8f1/Editor/Data/Managed'
Mono path[1] = 'C:/Program Files/Unity/Hub/Editor/2021.3.8f1/Editor/Data/MonoBleedingEdge/lib/mono/unityjit-win32'
Mono config path = 'C:/Program Files/Unity/Hub/Editor/2021.3.8f1/Editor/Data/MonoBleedingEdge/etc'
Using monoOptions --debugger-agent=transport=dt_socket,embedding=1,server=y,suspend=n,address=127.0.0.1:56248
Begin MonoManager ReloadAssembly
Registering precompiled unity dll's ...
Register platform support module: C:/Program Files/Unity/Hub/Editor/2021.3.8f1/Editor/Data/PlaybackEngines/WindowsStandaloneSupport/UnityEditor.WindowsStandalone.Extensions.dll
Registered in 0.007667 seconds.
Native extension for WindowsStandalone target not found
Refreshing native plugins compatible for Editor in 87.78 ms, found 3 plugins.
Preloading 0 native plugins for Editor in 0.00 ms.
Mono: successfully reloaded assembly
- Completed reload, in  0.661 seconds
Domain Reload Profiling:
	ReloadAssembly (661ms)
		BeginReloadAssembly (98ms)
			ExecutionOrderSort (0ms)
			DisableScriptedObjects (0ms)
			BackupInstance (0ms)
			ReleaseScriptingObjects (0ms)
			CreateAndSetChildDomain (1ms)
		EndReloadAssembly (453ms)
			LoadAssemblies (95ms)
			RebuildTransferFunctionScriptingTraits (0ms)
			SetupTypeCache (103ms)
			ReleaseScriptCaches (0ms)
			RebuildScriptCaches (26ms)
			SetupLoadedEditorAssemblies (274ms)
				LogAssemblyErrors (0ms)
				InitializePlatformSupportModulesInManaged (8ms)
				SetLoadedEditorAssemblies (0ms)
				RefreshPlugins (88ms)
				BeforeProcessingInitializeOnLoad (1ms)
				ProcessInitializeOnLoadAttributes (138ms)
				ProcessInitializeOnLoadMethodAttributes (40ms)
				AfterProcessingInitializeOnLoad (0ms)
				EditorAssembliesLoaded (0ms)
			ExecutionOrderSort2 (0ms)
			AwakeInstancesAfterBackupRestoration (0ms)
Platform modules already initialized, skipping
Registering precompiled user dll's ...
Registered in 0.003339 seconds.
Begin MonoManager ReloadAssembly
Symbol file LoadedFromMemory doesn't match image D:\Projects\UnityProjects\InvisibleEvilJam\InvisibleEvil\Library\PackageCache\com.unity.visualscripting@1.7.8\Editor\VisualScripting.Core\Dependencies\YamlDotNet\Unity.VisualScripting.YamlDotNet.dll
Symbol file LoadedFromMemory doesn't match image D:\Projects\UnityProjects\InvisibleEvilJam\InvisibleEvil\Library\PackageCache\com.unity.visualscripting@1.7.8\Editor\VisualScripting.Core\Dependencies\DotNetZip\Unity.VisualScripting.IonicZip.dll
Native extension for WindowsStandalone target not found
Refreshing native plugins compatible for Editor in 0.68 ms, found 3 plugins.
Preloading 0 native plugins for Editor in 0.00 ms.
Mono: successfully reloaded assembly
- Completed reload, in  1.003 seconds
Domain Reload Profiling:
	ReloadAssembly (1004ms)
		BeginReloadAssembly (135ms)
			ExecutionOrderSort (0ms)
			DisableScriptedObjects (5ms)
			BackupInstance (0ms)
			ReleaseScriptingObjects (0ms)
			CreateAndSetChildDomain (17ms)
		EndReloadAssembly (746ms)
			LoadAssemblies (103ms)
			RebuildTransferFunctionScriptingTraits (0ms)
			SetupTypeCache (212ms)
			ReleaseScriptCaches (1ms)
			RebuildScriptCaches (49ms)
			SetupLoadedEditorAssemblies (380ms)
				LogAssemblyErrors (0ms)
				InitializePlatformSupportModulesInManaged (6ms)
				SetLoadedEditorAssemblies (0ms)
				RefreshPlugins (1ms)
				BeforeProcessingInitializeOnLoad (82ms)
				ProcessInitializeOnLoadAttributes (236ms)
				ProcessInitializeOnLoadMethodAttributes (45ms)
				AfterProcessingInitializeOnLoad (9ms)
				EditorAssembliesLoaded (0ms)
			ExecutionOrderSort2 (0ms)
			AwakeInstancesAfterBackupRestoration (5ms)
Platform modules already initialized, skipping
========================================================================
Worker process is ready to serve import requests
Launched and connected shader compiler UnityShaderCompiler.exe after 0.04 seconds
Refreshing native plugins compatible for Editor in 0.60 ms, found 3 plugins.
Preloading 0 native plugins for Editor in 0.00 ms.
Unloading 3679 Unused Serialized files (Serialized files now loaded: 0)
Unloading 25 unused Assets / (107.8 KB). Loaded Objects now: 4142.
Memory consumption went from 131.2 MB to 131.1 MB.
Total: 3.170200 ms (FindLiveObjects: 0.298800 ms CreateObjectMapping: 0.252100 ms MarkObjects: 2.494500 ms  DeleteObjects: 0.123800 ms)

AssetImportParameters requested are different than current active one (requested -> active):
  custom:video-decoder-ogg-theora: a1e56fd34408186e4bbccfd4996cb3dc -> 
  custom:container-muxer-webm: aa71ff27fc2769a1b78a27578f13a17b -> 
  custom:container-demuxer-webm: 4f35f7cbe854078d1ac9338744f61a02 -> 
  custom:video-encoder-webm-vp8: eb34c28f22e8b96e1ab97ce403110664 -> 
  custom:audio-encoder-webm-vorbis: bf7c407c2cedff20999df2af8eb42d56 -> 
  custom:framework-win-MediaFoundation: 216162199b28c13a410421893ffa2e32 -> 
  custom:container-demuxer-ogg: 62fdf1f143b41e24485cea50d1cbac27 -> 
  custom:video-decoder-webm-vp8: 9c59270c3fd7afecdb556c50c9e8de78 -> 
  custom:audio-decoder-ogg-vorbis: bf7c407c2cedff20999df2af8eb42d56 -> 
========================================================================
Received Import Request.
  Time since last request: 440188.425596 seconds.
  path: Assets/EmaceHaloweenFBX
  artifactKey: Guid(2e922e6aa3eda184c89e2ea2337c212b) Importer(815301076,1909f56bfc062723c751e8b465ee728b)
Start importing Assets/EmaceHaloweenFBX using Guid(2e922e6aa3eda184c89e2ea2337c212b) Importer(815301076,1909f56bfc062723c751e8b465ee728b)  -> (artifact id: 'b1b3d7fa9c63e598c3debabf2c74848d') in 0.009239 seconds 
========================================================================
Received Import Request.
  Time since last request: 0.017282 seconds.
  path: Assets/EmaceHaloweenFBX/Comp_Merged.fbx
  artifactKey: Guid(e42b66d827477e941a60409f437c6edd) Importer(815301076,1909f56bfc062723c751e8b465ee728b)
Start importing Assets/EmaceHaloweenFBX/Comp_Merged.fbx using Guid(e42b66d827477e941a60409f437c6edd) Importer(815301076,1909f56bfc062723c751e8b465ee728b)  -> (artifact id: '1e5b7799eedbfedd4ea1a5b4cf4ab923') in 0.193241 seconds 
========================================================================
Received Import Request.
  Time since last request: 0.000032 seconds.
  path: Assets/EmaceHaloweenFBX/EA_Bld_Monument_1c.fbx
  artifactKey: Guid(6a0613a49f967fc4a8bd4cf3f3eca807) Importer(815301076,1909f56bfc062723c751e8b465ee728b)
Start importing Assets/EmaceHaloweenFBX/EA_Bld_Monument_1c.fbx using Guid(6a0613a49f967fc4a8bd4cf3f3eca807) Importer(815301076,1909f56bfc062723c751e8b465ee728b)  -> (artifact id: '20717febfd50262fafe6c72bbf90ed02') in 0.027374 seconds 
========================================================================
Received Import Request.
  Time since last request: 0.000041 seconds.
  path: Assets/EmaceHaloweenFBX/EA_Arch_Wall02_Ruin_01b.fbx
  artifactKey: Guid(9d9478247074abb4b865d0513280a6a3) Importer(815301076,1909f56bfc062723c751e8b465ee728b)
Start importing Assets/EmaceHaloweenFBX/EA_Arch_Wall02_Ruin_01b.fbx using Guid(9d9478247074abb4b865d0513280a6a3) Importer(815301076,1909f56bfc062723c751e8b465ee728b)  -> (artifact id: 'c1597184484ae24de885f6fc28e7ac87') in 0.093709 seconds 
========================================================================
Received Import Request.
  Time since last request: 0.000017 seconds.
  path: Assets/EmaceHaloweenFBX/EA_Bld_Monument_3b.fbx
  artifactKey: Guid(f4e2587e040ebd84ab298823e5d590ad) Importer(815301076,1909f56bfc062723c751e8b465ee728b)
Start importing Assets/EmaceHaloweenFBX/EA_Bld_Monument_3b.fbx using Guid(f4e2587e040ebd84ab298823e5d590ad) Importer(815301076,1909f56bfc062723c751e8b465ee728b)  -> (artifact id: '47db3bf08ddebb32c6e44cd753e94414') in 0.032960 seconds 
========================================================================
Received Import Request.
  Time since last request: 0.000021 seconds.
  path: Assets/EmaceHaloweenFBX/EA_Arch_Wall03_Rubble_01c.fbx
  artifactKey: Guid(f1544defca020344d87afcbbc1c96560) Importer(815301076,1909f56bfc062723c751e8b465ee728b)
Start importing Assets/EmaceHaloweenFBX/EA_Arch_Wall03_Rubble_01c.fbx using Guid(f1544defca020344d87afcbbc1c96560) Importer(815301076,1909f56bfc062723c751e8b465ee728b)  -> (artifact id: '37a2859323568f7d23fa307accf74967') in 0.037082 seconds 
========================================================================
Received Import Request.
  Time since last request: 0.000030 seconds.
  path: Assets/EmaceHaloweenFBX/EA_Bld_Monument_3c.fbx
  artifactKey: Guid(58d223f7d762e9b499e8d71ebe4ea221) Importer(815301076,1909f56bfc062723c751e8b465ee728b)
Start importing Assets/EmaceHaloweenFBX/EA_Bld_Monument_3c.fbx using Guid(58d223f7d762e9b499e8d71ebe4ea221) Importer(815301076,1909f56bfc062723c751e8b465ee728b)  -> (artifact id: '8eb96c75110d187c25295161f77b281e') in 0.026911 seconds 
========================================================================
Received Import Request.
  Time since last request: 0.000045 seconds.
  path: Assets/EmaceHaloweenFBX/EA_Bld_Monument_2a.fbx
  artifactKey: Guid(7cb9ffd778edf544287cffbcb235455c) Importer(815301076,1909f56bfc062723c751e8b465ee728b)
Start importing Assets/EmaceHaloweenFBX/EA_Bld_Monument_2a.fbx using Guid(7cb9ffd778edf544287cffbcb235455c) Importer(815301076,1909f56bfc062723c751e8b465ee728b)  -> (artifact id: '815cd61b43d4d66ca4b638b269c12ac6') in 0.019348 seconds 
========================================================================
Received Import Request.
  Time since last request: 0.000045 seconds.
  path: Assets/EmaceHaloweenFBX/EA_Environment_Nature_Root_2c.fbx
  artifactKey: Guid(c8cc0c9cf50406147ab1c051e76455a7) Importer(815301076,1909f56bfc062723c751e8b465ee728b)
Start importing Assets/EmaceHaloweenFBX/EA_Environment_Nature_Root_2c.fbx using Guid(c8cc0c9cf50406147ab1c051e76455a7) Importer(815301076,1909f56bfc062723c751e8b465ee728b)  -> (artifact id: '0c3df3db713d95d504b48fa33057c4b9') in 0.020228 seconds 
========================================================================
Received Import Request.
  Time since last request: 0.000024 seconds.
  path: Assets/EmaceHaloweenFBX/EA_Bld_Obelisk_2b.fbx
  artifactKey: Guid(a33e500eeba1948478acf23024bc46d8) Importer(815301076,1909f56bfc062723c751e8b465ee728b)
Start importing Assets/EmaceHaloweenFBX/EA_Bld_Obelisk_2b.fbx using Guid(a33e500eeba1948478acf23024bc46d8) Importer(815301076,1909f56bfc062723c751e8b465ee728b)  -> (artifact id: '9786dfdac21750d28640959e35331c9e') in 0.018723 seconds 
========================================================================
Received Import Request.
  Time since last request: 0.000028 seconds.
  path: Assets/EmaceHaloweenFBX/EA03_Environment_Mud_04.fbx
  artifactKey: Guid(bda9df57b33cc9141996628f15e5070a) Importer(815301076,1909f56bfc062723c751e8b465ee728b)
Start importing Assets/EmaceHaloweenFBX/EA03_Environment_Mud_04.fbx using Guid(bda9df57b33cc9141996628f15e5070a) Importer(815301076,1909f56bfc062723c751e8b465ee728b)  -> (artifact id: '868963c3f2241f759794a2e084fb271a') in 0.023263 seconds 
========================================================================
Received Import Request.
  Time since last request: 0.000025 seconds.
  path: Assets/EmaceHaloweenFBX/EA_Arch_Wall03_Corner_01a.fbx
  artifactKey: Guid(c3d0b144df461164e8c2e057747ee86d) Importer(815301076,1909f56bfc062723c751e8b465ee728b)
Start importing Assets/EmaceHaloweenFBX/EA_Arch_Wall03_Corner_01a.fbx using Guid(c3d0b144df461164e8c2e057747ee86d) Importer(815301076,1909f56bfc062723c751e8b465ee728b)  -> (artifact id: '2d92dae7a56e4366dba78832b75393a6') in 0.022221 seconds 
========================================================================
Received Import Request.
  Time since last request: 0.000021 seconds.
  path: Assets/EmaceHaloweenFBX/EA_Environment_Stone_Moss_01b.fbx
  artifactKey: Guid(751b08d7cb7c2444ab4b34b1a6086913) Importer(815301076,1909f56bfc062723c751e8b465ee728b)
Start importing Assets/EmaceHaloweenFBX/EA_Environment_Stone_Moss_01b.fbx using Guid(751b08d7cb7c2444ab4b34b1a6086913) Importer(815301076,1909f56bfc062723c751e8b465ee728b)  -> (artifact id: 'dea1f21389936b5b54117fbe438f6b34') in 0.021115 seconds 
========================================================================
Received Import Request.
  Time since last request: 0.000034 seconds.
  path: Assets/EmaceHaloweenFBX/EA_Arch_Wall03_Corner_01b.fbx
  artifactKey: Guid(3f6a4b8323b723c4485b17ff599daf29) Importer(815301076,1909f56bfc062723c751e8b465ee728b)
Start importing Assets/EmaceHaloweenFBX/EA_Arch_Wall03_Corner_01b.fbx using Guid(3f6a4b8323b723c4485b17ff599daf29) Importer(815301076,1909f56bfc062723c751e8b465ee728b)  -> (artifact id: 'a801de6a8ac63219bda1ff3959c5947c') in 0.021919 seconds 
========================================================================
Received Import Request.
  Time since last request: 0.000026 seconds.
  path: Assets/EmaceHaloweenFBX/EA_Arch_Wall03_Ruin_01c.fbx
  artifactKey: Guid(e8bc1fb2f353fbd4685df83eabbfddc9) Importer(815301076,1909f56bfc062723c751e8b465ee728b)
Start importing Assets/EmaceHaloweenFBX/EA_Arch_Wall03_Ruin_01c.fbx using Guid(e8bc1fb2f353fbd4685df83eabbfddc9) Importer(815301076,1909f56bfc062723c751e8b465ee728b)  -> (artifact id: '02433c14a302c156d507b87f1cd8f143') in 0.020782 seconds 
========================================================================
Received Import Request.
  Time since last request: 0.000024 seconds.
  path: Assets/EmaceHaloweenFBX/EA_Bld_Monument_3a.fbx
  artifactKey: Guid(5c77042e888cba9458044db969d677a9) Importer(815301076,1909f56bfc062723c751e8b465ee728b)
Start importing Assets/EmaceHaloweenFBX/EA_Bld_Monument_3a.fbx using Guid(5c77042e888cba9458044db969d677a9) Importer(815301076,1909f56bfc062723c751e8b465ee728b)  -> (artifact id: '1f07218721f20e79dfa4b11b4a51a1ad') in 0.027555 seconds 
========================================================================
Received Import Request.
  Time since last request: 0.000031 seconds.
  path: Assets/EmaceHaloweenFBX/EA_Arch_Wall03_Rubble_01a.fbx
  artifactKey: Guid(cd2f549b703b29d40aba029237482d82) Importer(815301076,1909f56bfc062723c751e8b465ee728b)
Start importing Assets/EmaceHaloweenFBX/EA_Arch_Wall03_Rubble_01a.fbx using Guid(cd2f549b703b29d40aba029237482d82) Importer(815301076,1909f56bfc062723c751e8b465ee728b)  -> (artifact id: '5b88335c224cac2da970448d192b24e3') in 0.024071 seconds 
========================================================================
Received Import Request.
  Time since last request: 0.000039 seconds.
  path: Assets/EmaceHaloweenFBX/EA01_Env_Road_Cobble_01b.fbx
  artifactKey: Guid(f7afa21dd548aa9438e113b3f444b0e6) Importer(815301076,1909f56bfc062723c751e8b465ee728b)
Start importing Assets/EmaceHaloweenFBX/EA01_Env_Road_Cobble_01b.fbx using Guid(f7afa21dd548aa9438e113b3f444b0e6) Importer(815301076,1909f56bfc062723c751e8b465ee728b)  -> (artifact id: 'c8f07d2b6f5d8f004a360ef056f472d4') in 0.020851 seconds 
========================================================================
Received Import Request.
  Time since last request: 0.000025 seconds.
  path: Assets/EmaceHaloweenFBX/EA_Arch_Wall04_Ruin_01a.fbx
  artifactKey: Guid(3be9387e6951e04429157c02255fef0d) Importer(815301076,1909f56bfc062723c751e8b465ee728b)
Start importing Assets/EmaceHaloweenFBX/EA_Arch_Wall04_Ruin_01a.fbx using Guid(3be9387e6951e04429157c02255fef0d) Importer(815301076,1909f56bfc062723c751e8b465ee728b)  -> (artifact id: '8b5896a23f8cb14be5ed69e707bcf05b') in 0.019894 seconds 
========================================================================
Received Import Request.
  Time since last request: 0.000030 seconds.
  path: Assets/EmaceHaloweenFBX/EA_Candle_01a.fbx
  artifactKey: Guid(9af721119128b7244b1cd2580fe3220d) Importer(815301076,1909f56bfc062723c751e8b465ee728b)
Start importing Assets/EmaceHaloweenFBX/EA_Candle_01a.fbx using Guid(9af721119128b7244b1cd2580fe3220d) Importer(815301076,1909f56bfc062723c751e8b465ee728b)  -> (artifact id: '026145e9000760197e80d74c67013db8') in 0.020673 seconds 
========================================================================
Received Import Request.
  Time since last request: 0.000036 seconds.
  path: Assets/EmaceHaloweenFBX/EA_Bld_Column_01a.fbx
  artifactKey: Guid(cf5bea17b2bfd824aa037a10b7777b1c) Importer(815301076,1909f56bfc062723c751e8b465ee728b)
Start importing Assets/EmaceHaloweenFBX/EA_Bld_Column_01a.fbx using Guid(cf5bea17b2bfd824aa037a10b7777b1c) Importer(815301076,1909f56bfc062723c751e8b465ee728b)  -> (artifact id: 'fd6f173491d895883b751cecbf7ba249') in 0.020233 seconds 
========================================================================
Received Import Request.
  Time since last request: 0.000027 seconds.
  path: Assets/EmaceHaloweenFBX/EA_Candle_01b.fbx
  artifactKey: Guid(d388bfadcc240734290eb01dbe0143fc) Importer(815301076,1909f56bfc062723c751e8b465ee728b)
Start importing Assets/EmaceHaloweenFBX/EA_Candle_01b.fbx using Guid(d388bfadcc240734290eb01dbe0143fc) Importer(815301076,1909f56bfc062723c751e8b465ee728b)  -> (artifact id: '603ee77ce9395d339c4488f9ac325f5c') in 0.024296 seconds 
========================================================================
Received Import Request.
  Time since last request: 0.000026 seconds.
  path: Assets/EmaceHaloweenFBX/EA_Bld_Column_01c.fbx
  artifactKey: Guid(a51e0e42e0e34f1439ac12a01b8a2250) Importer(815301076,1909f56bfc062723c751e8b465ee728b)
Start importing Assets/EmaceHaloweenFBX/EA_Bld_Column_01c.fbx using Guid(a51e0e42e0e34f1439ac12a01b8a2250) Importer(815301076,1909f56bfc062723c751e8b465ee728b)  -> (artifact id: '547d5591afcde4d11c188b7e86426ac5') in 0.023604 seconds 
========================================================================
Received Import Request.
  Time since last request: 17.788632 seconds.
  path: Assets/EmaceHaloweenFBX/EA_Exterior_Kerb_Dirt_01d.fbx
  artifactKey: Guid(4448a2a77270f5b4c8bfab55fa5d0fe9) Importer(815301076,1909f56bfc062723c751e8b465ee728b)
Start importing Assets/EmaceHaloweenFBX/EA_Exterior_Kerb_Dirt_01d.fbx using Guid(4448a2a77270f5b4c8bfab55fa5d0fe9) Importer(815301076,1909f56bfc062723c751e8b465ee728b)  -> (artifact id: 'e1766c78d71091e7bf0e11cc613ce803') in 0.020281 seconds 
========================================================================
Received Import Request.
  Time since last request: 0.000020 seconds.
  path: Assets/EmaceHaloweenFBX/EA_Pavement_Dirt_Straight_01g.fbx
  artifactKey: Guid(f2135c669f8fb144992b45923a6df54c) Importer(815301076,1909f56bfc062723c751e8b465ee728b)
Start importing Assets/EmaceHaloweenFBX/EA_Pavement_Dirt_Straight_01g.fbx using Guid(f2135c669f8fb144992b45923a6df54c) Importer(815301076,1909f56bfc062723c751e8b465ee728b)  -> (artifact id: '212823a8a3fe051492c665c29d994d6a') in 0.020623 seconds 
========================================================================
Received Import Request.
  Time since last request: 0.000026 seconds.
  path: Assets/EmaceHaloweenFBX/EA_Pumpkin_01b.fbx
  artifactKey: Guid(b379af484848e154e839bc7f7b64ff2e) Importer(815301076,1909f56bfc062723c751e8b465ee728b)
Start importing Assets/EmaceHaloweenFBX/EA_Pumpkin_01b.fbx using Guid(b379af484848e154e839bc7f7b64ff2e) Importer(815301076,1909f56bfc062723c751e8b465ee728b)  -> (artifact id: 'a9cb212ed3f8057329a4e5205ab9750a') in 0.026193 seconds 
========================================================================
Received Import Request.
  Time since last request: 0.000027 seconds.
  path: Assets/EmaceHaloweenFBX/EA_Exterior_Kerb_Moss_01g.fbx
  artifactKey: Guid(824e71a5546f816469831d7330737603) Importer(815301076,1909f56bfc062723c751e8b465ee728b)
Start importing Assets/EmaceHaloweenFBX/EA_Exterior_Kerb_Moss_01g.fbx using Guid(824e71a5546f816469831d7330737603) Importer(815301076,1909f56bfc062723c751e8b465ee728b)  -> (artifact id: 'daf65f9e1c12783852bb4857f6f7f6c0') in 0.059517 seconds 
========================================================================
Received Import Request.
  Time since last request: 0.000029 seconds.
  path: Assets/EmaceHaloweenFBX/EA_Path_Sand_Small_Straight_01b.fbx
  artifactKey: Guid(5de2781ce4cdffe468383d4d8aaee199) Importer(815301076,1909f56bfc062723c751e8b465ee728b)
Start importing Assets/EmaceHaloweenFBX/EA_Path_Sand_Small_Straight_01b.fbx using Guid(5de2781ce4cdffe468383d4d8aaee199) Importer(815301076,1909f56bfc062723c751e8b465ee728b)  -> (artifact id: '596e7c89bb480319ee072b093680c1ae') in 0.025783 seconds 
========================================================================
Received Import Request.
  Time since last request: 0.000031 seconds.
  path: Assets/EmaceHaloweenFBX/EA_Swamp_Root_04d.fbx
  artifactKey: Guid(1f930fd96812cc045aecf1fcdd832e80) Importer(815301076,1909f56bfc062723c751e8b465ee728b)
Start importing Assets/EmaceHaloweenFBX/EA_Swamp_Root_04d.fbx using Guid(1f930fd96812cc045aecf1fcdd832e80) Importer(815301076,1909f56bfc062723c751e8b465ee728b)  -> (artifact id: '1a8963e7923bf39af4d8a3e29bc949f5') in 0.024612 seconds 
========================================================================
Received Import Request.
  Time since last request: 0.000037 seconds.
  path: Assets/EmaceHaloweenFBX/EA_Swamp_Dirt_Root_Half_04b.fbx
  artifactKey: Guid(8f706baae09256c48b5b2d50d4658bdc) Importer(815301076,1909f56bfc062723c751e8b465ee728b)
Start importing Assets/EmaceHaloweenFBX/EA_Swamp_Dirt_Root_Half_04b.fbx using Guid(8f706baae09256c48b5b2d50d4658bdc) Importer(815301076,1909f56bfc062723c751e8b465ee728b)  -> (artifact id: '5208b3609fc75a9727fcffdfa47cfe02') in 0.031853 seconds 
========================================================================
Received Import Request.
  Time since last request: 0.000040 seconds.
  path: Assets/EmaceHaloweenFBX/EA_Path_Sand_Small_Bend_01a.fbx
  artifactKey: Guid(057c0234b41eb4642a51ae78832c4b9c) Importer(815301076,1909f56bfc062723c751e8b465ee728b)
Start importing Assets/EmaceHaloweenFBX/EA_Path_Sand_Small_Bend_01a.fbx using Guid(057c0234b41eb4642a51ae78832c4b9c) Importer(815301076,1909f56bfc062723c751e8b465ee728b)  -> (artifact id: '7b6f490d3f01d6d220b85d606c53f880') in 0.024783 seconds 
========================================================================
Received Import Request.
  Time since last request: 0.000035 seconds.
  path: Assets/EmaceHaloweenFBX/EA_Swamp_Root_03d.fbx
  artifactKey: Guid(79ea45d716f0a654c95ab0ef177f5d4a) Importer(815301076,1909f56bfc062723c751e8b465ee728b)
Start importing Assets/EmaceHaloweenFBX/EA_Swamp_Root_03d.fbx using Guid(79ea45d716f0a654c95ab0ef177f5d4a) Importer(815301076,1909f56bfc062723c751e8b465ee728b)  -> (artifact id: 'cdcc9a3fc32fc03cb4c8f1b62e639107') in 0.025857 seconds 
========================================================================
Received Import Request.
  Time since last request: 0.000042 seconds.
  path: Assets/EmaceHaloweenFBX/EA_Pumpkin_Candle_02b.fbx
  artifactKey: Guid(1c2179e1cb33e5c468028522e6dd915f) Importer(815301076,1909f56bfc062723c751e8b465ee728b)
Start importing Assets/EmaceHaloweenFBX/EA_Pumpkin_Candle_02b.fbx using Guid(1c2179e1cb33e5c468028522e6dd915f) Importer(815301076,1909f56bfc062723c751e8b465ee728b)  -> (artifact id: 'dc7101f074e886031c92f1e37aa83c31') in 0.023378 seconds 
========================================================================
Received Import Request.
  Time since last request: 0.000021 seconds.
  path: Assets/EmaceHaloweenFBX/EA_Swamp_Leaf_01b.fbx
  artifactKey: Guid(5a1c52b8bd5930940abd8ef36e858c27) Importer(815301076,1909f56bfc062723c751e8b465ee728b)
Start importing Assets/EmaceHaloweenFBX/EA_Swamp_Leaf_01b.fbx using Guid(5a1c52b8bd5930940abd8ef36e858c27) Importer(815301076,1909f56bfc062723c751e8b465ee728b)  -> (artifact id: 'f4ebaf24b505bcb5ef487fcc639278ca') in 0.028118 seconds 
Editor requested this worker to shutdown with reason: Scaling down because of idle timeout
AssetImportWorker is now disconnected from the server
Process exiting
Exiting without the bug reporter. Application will terminate with return code 0