Using pre-set license
Built from '2021.3/staging' branch; Version is '2021.3.8f1 (b30333d56e81) revision 11731763'; Using compiler version '192829333'; Build Type 'Release'
OS: 'Windows 10  (10.0.19044) 64bit CoreSingleLanguage' Language: 'en' Physical Memory: 32588 MB
BatchMode: 1, IsHumanControllingUs: 0, StartBugReporterOnCrash: 0, Is64bit: 1, IsPro: 1

COMMAND LINE ARGUMENTS:
C:\Program Files\Unity\Hub\Editor\2021.3.8f1\Editor\Unity.exe
-adb2
-batchMode
-noUpm
-name
AssetImportWorker2
-projectPath
D:/Projects/UnityProjects/InvisibleEvilJam/InvisibleEvil
-logFile
Logs/AssetImportWorker2.log
-srvPort
51799
Successfully changed project path to: D:/Projects/UnityProjects/InvisibleEvilJam/InvisibleEvil
D:/Projects/UnityProjects/InvisibleEvilJam/InvisibleEvil
[UnityMemory] Configuration Parameters - Can be set up in boot.config
    "memorysetup-bucket-allocator-granularity=16"
    "memorysetup-bucket-allocator-bucket-count=8"
    "memorysetup-bucket-allocator-block-size=33554432"
    "memorysetup-bucket-allocator-block-count=8"
    "memorysetup-main-allocator-block-size=16777216"
    "memorysetup-thread-allocator-block-size=16777216"
    "memorysetup-gfx-main-allocator-block-size=16777216"
    "memorysetup-gfx-thread-allocator-block-size=16777216"
    "memorysetup-cache-allocator-block-size=4194304"
    "memorysetup-typetree-allocator-block-size=2097152"
    "memorysetup-profiler-bucket-allocator-granularity=16"
    "memorysetup-profiler-bucket-allocator-bucket-count=8"
    "memorysetup-profiler-bucket-allocator-block-size=33554432"
    "memorysetup-profiler-bucket-allocator-block-count=8"
    "memorysetup-profiler-allocator-block-size=16777216"
    "memorysetup-profiler-editor-allocator-block-size=1048576"
    "memorysetup-temp-allocator-size-main=16777216"
    "memorysetup-job-temp-allocator-block-size=2097152"
    "memorysetup-job-temp-allocator-block-size-background=1048576"
    "memorysetup-job-temp-allocator-reduction-small-platforms=262144"
    "memorysetup-temp-allocator-size-background-worker=32768"
    "memorysetup-temp-allocator-size-job-worker=262144"
    "memorysetup-temp-allocator-size-preload-manager=33554432"
    "memorysetup-temp-allocator-size-nav-mesh-worker=65536"
    "memorysetup-temp-allocator-size-audio-worker=65536"
    "memorysetup-temp-allocator-size-cloud-worker=32768"
    "memorysetup-temp-allocator-size-gi-baking-worker=262144"
    "memorysetup-temp-allocator-size-gfx=262144"
Refreshing native plugins compatible for Editor in 97.04 ms, found 3 plugins.
Preloading 0 native plugins for Editor in 0.00 ms.
Initialize engine version: 2021.3.8f1 (b30333d56e81)
[Subsystems] Discovering subsystems at path C:/Program Files/Unity/Hub/Editor/2021.3.8f1/Editor/Data/Resources/UnitySubsystems
[Subsystems] Discovering subsystems at path D:/Projects/UnityProjects/InvisibleEvilJam/InvisibleEvil/Assets
GfxDevice: creating device client; threaded=0; jobified=0
Direct3D:
    Version:  Direct3D 11.0 [level 11.1]
    Renderer: NVIDIA GeForce RTX 2070 (ID=0x1f14)
    Vendor:   NVIDIA
    VRAM:     8031 MB
    Driver:   27.21.14.5751
Initialize mono
Mono path[0] = 'C:/Program Files/Unity/Hub/Editor/2021.3.8f1/Editor/Data/Managed'
Mono path[1] = 'C:/Program Files/Unity/Hub/Editor/2021.3.8f1/Editor/Data/MonoBleedingEdge/lib/mono/unityjit-win32'
Mono config path = 'C:/Program Files/Unity/Hub/Editor/2021.3.8f1/Editor/Data/MonoBleedingEdge/etc'
Using monoOptions --debugger-agent=transport=dt_socket,embedding=1,server=y,suspend=n,address=127.0.0.1:56596
Begin MonoManager ReloadAssembly
Registering precompiled unity dll's ...
Register platform support module: C:/Program Files/Unity/Hub/Editor/2021.3.8f1/Editor/Data/PlaybackEngines/WindowsStandaloneSupport/UnityEditor.WindowsStandalone.Extensions.dll
Registered in 0.007921 seconds.
Native extension for WindowsStandalone target not found
Refreshing native plugins compatible for Editor in 78.94 ms, found 3 plugins.
Preloading 0 native plugins for Editor in 0.00 ms.
Mono: successfully reloaded assembly
- Completed reload, in  0.610 seconds
Domain Reload Profiling:
	ReloadAssembly (611ms)
		BeginReloadAssembly (71ms)
			ExecutionOrderSort (0ms)
			DisableScriptedObjects (0ms)
			BackupInstance (0ms)
			ReleaseScriptingObjects (0ms)
			CreateAndSetChildDomain (1ms)
		EndReloadAssembly (430ms)
			LoadAssemblies (68ms)
			RebuildTransferFunctionScriptingTraits (0ms)
			SetupTypeCache (97ms)
			ReleaseScriptCaches (0ms)
			RebuildScriptCaches (25ms)
			SetupLoadedEditorAssemblies (260ms)
				LogAssemblyErrors (0ms)
				InitializePlatformSupportModulesInManaged (7ms)
				SetLoadedEditorAssemblies (0ms)
				RefreshPlugins (79ms)
				BeforeProcessingInitializeOnLoad (1ms)
				ProcessInitializeOnLoadAttributes (129ms)
				ProcessInitializeOnLoadMethodAttributes (44ms)
				AfterProcessingInitializeOnLoad (0ms)
				EditorAssembliesLoaded (0ms)
			ExecutionOrderSort2 (0ms)
			AwakeInstancesAfterBackupRestoration (0ms)
Platform modules already initialized, skipping
Registering precompiled user dll's ...
Registered in 0.003546 seconds.
Begin MonoManager ReloadAssembly
Symbol file LoadedFromMemory doesn't match image D:\Projects\UnityProjects\InvisibleEvilJam\InvisibleEvil\Library\PackageCache\com.unity.visualscripting@1.7.8\Editor\VisualScripting.Core\Dependencies\YamlDotNet\Unity.VisualScripting.YamlDotNet.dll
Symbol file LoadedFromMemory doesn't match image D:\Projects\UnityProjects\InvisibleEvilJam\InvisibleEvil\Library\PackageCache\com.unity.visualscripting@1.7.8\Editor\VisualScripting.Core\Dependencies\DotNetZip\Unity.VisualScripting.IonicZip.dll
Native extension for WindowsStandalone target not found
Refreshing native plugins compatible for Editor in 0.62 ms, found 3 plugins.
Preloading 0 native plugins for Editor in 0.00 ms.
Mono: successfully reloaded assembly
- Completed reload, in  0.955 seconds
Domain Reload Profiling:
	ReloadAssembly (956ms)
		BeginReloadAssembly (107ms)
			ExecutionOrderSort (0ms)
			DisableScriptedObjects (5ms)
			BackupInstance (0ms)
			ReleaseScriptingObjects (0ms)
			CreateAndSetChildDomain (16ms)
		EndReloadAssembly (737ms)
			LoadAssemblies (76ms)
			RebuildTransferFunctionScriptingTraits (0ms)
			SetupTypeCache (210ms)
			ReleaseScriptCaches (1ms)
			RebuildScriptCaches (48ms)
			SetupLoadedEditorAssemblies (365ms)
				LogAssemblyErrors (0ms)
				InitializePlatformSupportModulesInManaged (6ms)
				SetLoadedEditorAssemblies (1ms)
				RefreshPlugins (1ms)
				BeforeProcessingInitializeOnLoad (82ms)
				ProcessInitializeOnLoadAttributes (243ms)
				ProcessInitializeOnLoadMethodAttributes (24ms)
				AfterProcessingInitializeOnLoad (10ms)
				EditorAssembliesLoaded (0ms)
			ExecutionOrderSort2 (0ms)
			AwakeInstancesAfterBackupRestoration (5ms)
Platform modules already initialized, skipping
========================================================================
Worker process is ready to serve import requests
Launched and connected shader compiler UnityShaderCompiler.exe after 0.03 seconds
Refreshing native plugins compatible for Editor in 0.66 ms, found 3 plugins.
Preloading 0 native plugins for Editor in 0.00 ms.
Unloading 3679 Unused Serialized files (Serialized files now loaded: 0)
Unloading 25 unused Assets / (108.0 KB). Loaded Objects now: 4142.
Memory consumption went from 131.2 MB to 131.1 MB.
Total: 2.690500 ms (FindLiveObjects: 0.262800 ms CreateObjectMapping: 0.219900 ms MarkObjects: 2.108700 ms  DeleteObjects: 0.098400 ms)

AssetImportParameters requested are different than current active one (requested -> active):
  custom:video-decoder-ogg-theora: a1e56fd34408186e4bbccfd4996cb3dc -> 
  custom:container-muxer-webm: aa71ff27fc2769a1b78a27578f13a17b -> 
  custom:container-demuxer-webm: 4f35f7cbe854078d1ac9338744f61a02 -> 
  custom:video-encoder-webm-vp8: eb34c28f22e8b96e1ab97ce403110664 -> 
  custom:audio-encoder-webm-vorbis: bf7c407c2cedff20999df2af8eb42d56 -> 
  custom:framework-win-MediaFoundation: 216162199b28c13a410421893ffa2e32 -> 
  custom:container-demuxer-ogg: 62fdf1f143b41e24485cea50d1cbac27 -> 
  custom:video-decoder-webm-vp8: 9c59270c3fd7afecdb556c50c9e8de78 -> 
  custom:audio-decoder-ogg-vorbis: bf7c407c2cedff20999df2af8eb42d56 -> 
========================================================================
Received Import Request.
  Time since last request: 444573.792793 seconds.
  path: Assets/EmaceArt_LavaPlant/Prefabs
  artifactKey: Guid(8693f5d50be2ec74d92a371faf372947) Importer(815301076,1909f56bfc062723c751e8b465ee728b)
Start importing Assets/EmaceArt_LavaPlant/Prefabs using Guid(8693f5d50be2ec74d92a371faf372947) Importer(815301076,1909f56bfc062723c751e8b465ee728b)  -> (artifact id: '34d9636d24a56ca964412c081dc77f84') in 0.006367 seconds 
========================================================================
Received Import Request.
  Time since last request: 0.046700 seconds.
  path: Assets/EmaceArt_LavaPlant/Prefabs/EA_Clif_01a_Default.prefab
  artifactKey: Guid(86906d495e3827c43bc6933c657033ce) Importer(815301076,1909f56bfc062723c751e8b465ee728b)
Start importing Assets/EmaceArt_LavaPlant/Prefabs/EA_Clif_01a_Default.prefab using Guid(86906d495e3827c43bc6933c657033ce) Importer(815301076,1909f56bfc062723c751e8b465ee728b)  -> (artifact id: '67cb9747ba3abd1c64cd888c1cce4511') in 0.122560 seconds 
========================================================================
Received Import Request.
  Time since last request: 0.000018 seconds.
  path: Assets/EmaceArt_LavaPlant/Prefabs/EA_Terrain_Default.prefab
  artifactKey: Guid(c74193c8e85acc44f9c91ce8b24524c5) Importer(815301076,1909f56bfc062723c751e8b465ee728b)
Start importing Assets/EmaceArt_LavaPlant/Prefabs/EA_Terrain_Default.prefab using Guid(c74193c8e85acc44f9c91ce8b24524c5) Importer(815301076,1909f56bfc062723c751e8b465ee728b)  -> (artifact id: '70602cef6ef2143b730eddb538585c6e') in 0.019710 seconds 
========================================================================
Received Import Request.
  Time since last request: 0.000078 seconds.
  path: Assets/EmaceArt_LavaPlant/Prefabs/EA_Clif_01d_Default.prefab
  artifactKey: Guid(a1afd15cbb93fea4bad648ed05e0af69) Importer(815301076,1909f56bfc062723c751e8b465ee728b)
Start importing Assets/EmaceArt_LavaPlant/Prefabs/EA_Clif_01d_Default.prefab using Guid(a1afd15cbb93fea4bad648ed05e0af69) Importer(815301076,1909f56bfc062723c751e8b465ee728b)  -> (artifact id: 'cc4663c53c667d346819985aa854658b') in 0.016680 seconds 
========================================================================
Received Import Request.
  Time since last request: 0.000027 seconds.
  path: Assets/EmaceArt_LavaPlant/Prefabs/EA_Fruit_01d_Default.prefab
  artifactKey: Guid(bdb4fffd60e30a64ca9dd07cb1a74d06) Importer(815301076,1909f56bfc062723c751e8b465ee728b)
Start importing Assets/EmaceArt_LavaPlant/Prefabs/EA_Fruit_01d_Default.prefab using Guid(bdb4fffd60e30a64ca9dd07cb1a74d06) Importer(815301076,1909f56bfc062723c751e8b465ee728b)  -> (artifact id: '0a8ae8830446338d9fde2c0fe969a60c') in 0.016699 seconds 
========================================================================
Received Import Request.
  Time since last request: 9.791370 seconds.
  path: Assets/EmaceArt_LavaPlant/Skybox
  artifactKey: Guid(f7832071d4da66b4eabeed240dbc8af0) Importer(815301076,1909f56bfc062723c751e8b465ee728b)
Start importing Assets/EmaceArt_LavaPlant/Skybox using Guid(f7832071d4da66b4eabeed240dbc8af0) Importer(815301076,1909f56bfc062723c751e8b465ee728b)  -> (artifact id: '7bff019d549195d7ac173cae14c44acb') in 0.011063 seconds 
========================================================================
Received Import Request.
  Time since last request: 0.994351 seconds.
  path: Assets/EmaceArt_LavaPlant/Skybox/SkyBox
  artifactKey: Guid(1e85a31d4847f4a7fbc30c2302716dc1) Importer(815301076,1909f56bfc062723c751e8b465ee728b)
Start importing Assets/EmaceArt_LavaPlant/Skybox/SkyBox using Guid(1e85a31d4847f4a7fbc30c2302716dc1) Importer(815301076,1909f56bfc062723c751e8b465ee728b)  -> (artifact id: 'c3737266b9286d7c87092fb2d33d6347') in 0.001696 seconds 
========================================================================
Received Import Request.
  Time since last request: 0.056727 seconds.
  path: Assets/EmaceArt_LavaPlant/Skybox/SkyBox/Sky.mat
  artifactKey: Guid(5072c671f5d9f4003a83241b424bb0f0) Importer(815301076,1909f56bfc062723c751e8b465ee728b)
Start importing Assets/EmaceArt_LavaPlant/Skybox/SkyBox/Sky.mat using Guid(5072c671f5d9f4003a83241b424bb0f0) Importer(815301076,1909f56bfc062723c751e8b465ee728b)  -> (artifact id: '683f9e69fa629c70a291adf672ffa67a') in 0.756974 seconds 
========================================================================
Received Import Request.
  Time since last request: 1.562540 seconds.
  path: Assets/EmaceArt_LavaPlant/Skybox/Textures
  artifactKey: Guid(dbfa97442e84d654e8f056c3adec25aa) Importer(815301076,1909f56bfc062723c751e8b465ee728b)
Start importing Assets/EmaceArt_LavaPlant/Skybox/Textures using Guid(dbfa97442e84d654e8f056c3adec25aa) Importer(815301076,1909f56bfc062723c751e8b465ee728b)  -> (artifact id: '7919dc9e15632ed1eee19a66d8f50755') in 0.002071 seconds 
========================================================================
Received Import Request.
  Time since last request: 0.049184 seconds.
  path: Assets/EmaceArt_LavaPlant/Skybox/Textures/desert_skybox.png
  artifactKey: Guid(257eabfb03b3fb14d868ab9485e993f4) Importer(815301076,1909f56bfc062723c751e8b465ee728b)
Start importing Assets/EmaceArt_LavaPlant/Skybox/Textures/desert_skybox.png using Guid(257eabfb03b3fb14d868ab9485e993f4) Importer(815301076,1909f56bfc062723c751e8b465ee728b)  -> (artifact id: '9a3dda72039f86fdc3e1f8333af5feec') in 0.017966 seconds 
========================================================================
Received Import Request.
  Time since last request: 2.161363 seconds.
  path: Assets/EmaceArt_LavaPlant/Texture
  artifactKey: Guid(39eda1fc4af07ee4cb39bfddde465953) Importer(815301076,1909f56bfc062723c751e8b465ee728b)
Start importing Assets/EmaceArt_LavaPlant/Texture using Guid(39eda1fc4af07ee4cb39bfddde465953) Importer(815301076,1909f56bfc062723c751e8b465ee728b)  -> (artifact id: 'f91e20540fb38e29e4b4829b2638057d') in 0.001576 seconds 
========================================================================
Received Import Request.
  Time since last request: 0.066017 seconds.
  path: Assets/EmaceArt_LavaPlant/Texture/LavaPlant_texture.png
  artifactKey: Guid(e1c879bcd60cd924389e97e229fd1ee8) Importer(815301076,1909f56bfc062723c751e8b465ee728b)
Start importing Assets/EmaceArt_LavaPlant/Texture/LavaPlant_texture.png using Guid(e1c879bcd60cd924389e97e229fd1ee8) Importer(815301076,1909f56bfc062723c751e8b465ee728b)  -> (artifact id: '78233fc5b71d2d24a07168fe6f9df23d') in 0.008837 seconds 
========================================================================
Received Import Request.
  Time since last request: 2.143190 seconds.
  path: Assets/EmaceArt_LavaPlant/Scene
  artifactKey: Guid(050ae151c617c434a94a97c7a9cf89b7) Importer(815301076,1909f56bfc062723c751e8b465ee728b)
Start importing Assets/EmaceArt_LavaPlant/Scene using Guid(050ae151c617c434a94a97c7a9cf89b7) Importer(815301076,1909f56bfc062723c751e8b465ee728b)  -> (artifact id: '1586a052933e16276093e07954e83a2e') in 0.001688 seconds 
========================================================================
Received Import Request.
  Time since last request: 5.572962 seconds.
  path: Assets/EmaceArt_LavaPlant/Scene/EmaceArt_LavaScene.unity
  artifactKey: Guid(99c9720ab356a0642a771bea13969a05) Importer(815301076,1909f56bfc062723c751e8b465ee728b)
Start importing Assets/EmaceArt_LavaPlant/Scene/EmaceArt_LavaScene.unity using Guid(99c9720ab356a0642a771bea13969a05) Importer(815301076,1909f56bfc062723c751e8b465ee728b)  -> (artifact id: '08e92ea04be686f3a160b444e0c937c8') in 0.002065 seconds 
========================================================================
Received Import Request.
  Time since last request: 27.341094 seconds.
  path: Assets/EmaceArt/NecroPoly Free/Scenes/NecroLabirynth_WIP.unity
  artifactKey: Guid(cbfe36cfddfde964d9dfce63a355d5dd) Importer(815301076,1909f56bfc062723c751e8b465ee728b)
Start importing Assets/EmaceArt/NecroPoly Free/Scenes/NecroLabirynth_WIP.unity using Guid(cbfe36cfddfde964d9dfce63a355d5dd) Importer(815301076,1909f56bfc062723c751e8b465ee728b)  -> (artifact id: '52740b069ead22cac702580105d0df51') in 0.001738 seconds 
========================================================================
Received Import Request.
  Time since last request: 3.907026 seconds.
  path: Assets/EmaceArt/NecroPoly Free/Scenes/Asset Preview.unity
  artifactKey: Guid(d17861c71d6156c44b26a8bf2f8e6bd0) Importer(815301076,1909f56bfc062723c751e8b465ee728b)
Start importing Assets/EmaceArt/NecroPoly Free/Scenes/Asset Preview.unity using Guid(d17861c71d6156c44b26a8bf2f8e6bd0) Importer(815301076,1909f56bfc062723c751e8b465ee728b)  -> (artifact id: '492f62eaed301fb2bb34f955994388b6') in 0.001730 seconds 
========================================================================
Received Import Request.
  Time since last request: 1.103436 seconds.
  path: Assets/EmaceArt/NecroPoly Free/Scenes/Asset Preview Comp.unity
  artifactKey: Guid(e690b9a8ba216a9459a1b59c7c5539d5) Importer(815301076,1909f56bfc062723c751e8b465ee728b)
Start importing Assets/EmaceArt/NecroPoly Free/Scenes/Asset Preview Comp.unity using Guid(e690b9a8ba216a9459a1b59c7c5539d5) Importer(815301076,1909f56bfc062723c751e8b465ee728b)  -> (artifact id: '37fde941550fe0566bd16d2164be20b2') in 0.001652 seconds 
========================================================================
Received Import Request.
  Time since last request: 155.417832 seconds.
  path: Assets/Scenes/Scene1.unity
  artifactKey: Guid(bce2e28c8b15f1b4e9680ef4b8362a53) Importer(815301076,1909f56bfc062723c751e8b465ee728b)
Start importing Assets/Scenes/Scene1.unity using Guid(bce2e28c8b15f1b4e9680ef4b8362a53) Importer(815301076,1909f56bfc062723c751e8b465ee728b)  -> (artifact id: 'ba468fc354008597760760fce9ab1077') in 0.001433 seconds 
========================================================================
Received Import Request.
  Time since last request: 10.609767 seconds.
  path: Assets/EmaceArt_LavaPlant/PostProcessing
  artifactKey: Guid(52d266236c8659b4dbae9f636f6f7e77) Importer(815301076,1909f56bfc062723c751e8b465ee728b)
Start importing Assets/EmaceArt_LavaPlant/PostProcessing using Guid(52d266236c8659b4dbae9f636f6f7e77) Importer(815301076,1909f56bfc062723c751e8b465ee728b)  -> (artifact id: '7ca35b0487fc2b8eb279b968937c93c8') in 0.001904 seconds 
========================================================================
Received Import Request.
  Time since last request: 0.050423 seconds.
  path: Assets/EmaceArt_LavaPlant/PostProcessing/LavaPlant_PostPprocessProfile.asset
  artifactKey: Guid(81c673aa856745041b27a9548ec5c993) Importer(815301076,1909f56bfc062723c751e8b465ee728b)
Start importing Assets/EmaceArt_LavaPlant/PostProcessing/LavaPlant_PostPprocessProfile.asset using Guid(81c673aa856745041b27a9548ec5c993) Importer(815301076,1909f56bfc062723c751e8b465ee728b)  -> (artifact id: 'b351a9320ad3be6ab5b0d186ff406600') in 0.003268 seconds 
========================================================================
Received Import Request.
  Time since last request: 566.956528 seconds.
  path: Assets/EmaceArt_LavaPlant/Prefabs/EA_Clif_01a_Default.prefab
  artifactKey: Guid(86906d495e3827c43bc6933c657033ce) Importer(815301076,1909f56bfc062723c751e8b465ee728b)
Start importing Assets/EmaceArt_LavaPlant/Prefabs/EA_Clif_01a_Default.prefab using Guid(86906d495e3827c43bc6933c657033ce) Importer(815301076,1909f56bfc062723c751e8b465ee728b)  -> (artifact id: 'c2b4db7ec652338738d264956cd3661b') in 0.030270 seconds 
========================================================================
Received Import Request.
  Time since last request: 0.000045 seconds.
  path: Assets/EmaceArt_LavaPlant/Prefabs/Rocks_01b_Default.prefab
  artifactKey: Guid(bf5bd3234c9a24b4796031e2f39ee518) Importer(815301076,1909f56bfc062723c751e8b465ee728b)
Start importing Assets/EmaceArt_LavaPlant/Prefabs/Rocks_01b_Default.prefab using Guid(bf5bd3234c9a24b4796031e2f39ee518) Importer(815301076,1909f56bfc062723c751e8b465ee728b)  -> (artifact id: 'f1e8d6042167a9a0b9e888ed282262b3') in 0.010350 seconds 
========================================================================
Received Import Request.
  Time since last request: 0.000022 seconds.
  path: Assets/EmaceArt_LavaPlant/Prefabs/Rocks_01a_Default.prefab
  artifactKey: Guid(2f4bc0193724cd943921d722c237e387) Importer(815301076,1909f56bfc062723c751e8b465ee728b)
Start importing Assets/EmaceArt_LavaPlant/Prefabs/Rocks_01a_Default.prefab using Guid(2f4bc0193724cd943921d722c237e387) Importer(815301076,1909f56bfc062723c751e8b465ee728b)  -> (artifact id: 'cc18e0d644cd35f014eba50c5605013b') in 0.009100 seconds 
========================================================================
Received Import Request.
  Time since last request: 0.000017 seconds.
  path: Assets/EmaceArt_LavaPlant/Prefabs/EA_Plant_01e_Default.prefab
  artifactKey: Guid(88a6c31095668d046b2d8f8c8101c845) Importer(815301076,1909f56bfc062723c751e8b465ee728b)
Start importing Assets/EmaceArt_LavaPlant/Prefabs/EA_Plant_01e_Default.prefab using Guid(88a6c31095668d046b2d8f8c8101c845) Importer(815301076,1909f56bfc062723c751e8b465ee728b)  -> (artifact id: '124bc0dd02897be546673cf0d316ef7f') in 0.011766 seconds 
========================================================================
Received Import Request.
  Time since last request: 0.000019 seconds.
  path: Assets/EmaceArt_LavaPlant/Prefabs/EA_Plant_01c_Default.prefab
  artifactKey: Guid(b538f75a90be6b94a9a6b2347fe7bf87) Importer(815301076,1909f56bfc062723c751e8b465ee728b)
Start importing Assets/EmaceArt_LavaPlant/Prefabs/EA_Plant_01c_Default.prefab using Guid(b538f75a90be6b94a9a6b2347fe7bf87) Importer(815301076,1909f56bfc062723c751e8b465ee728b)  -> (artifact id: '3ad650c96e6950e56595501537c84e0e') in 0.009388 seconds 
========================================================================
Received Import Request.
  Time since last request: 0.000027 seconds.
  path: Assets/EmaceArt_LavaPlant/Prefabs/EA_Clif_01d_Default.prefab
  artifactKey: Guid(a1afd15cbb93fea4bad648ed05e0af69) Importer(815301076,1909f56bfc062723c751e8b465ee728b)
Start importing Assets/EmaceArt_LavaPlant/Prefabs/EA_Clif_01d_Default.prefab using Guid(a1afd15cbb93fea4bad648ed05e0af69) Importer(815301076,1909f56bfc062723c751e8b465ee728b)  -> (artifact id: '3e1805d63a97bf49beef0685171aed53') in 0.010579 seconds 
========================================================================
Received Import Request.
  Time since last request: 0.000021 seconds.
  path: Assets/EmaceArt_LavaPlant/Prefabs/EA_Clif_01c_Default.prefab
  artifactKey: Guid(27c3faa0d10c39742aab8ab802a5dd37) Importer(815301076,1909f56bfc062723c751e8b465ee728b)
Start importing Assets/EmaceArt_LavaPlant/Prefabs/EA_Clif_01c_Default.prefab using Guid(27c3faa0d10c39742aab8ab802a5dd37) Importer(815301076,1909f56bfc062723c751e8b465ee728b)  -> (artifact id: '1eef5f8927604131e937530c92c17b30') in 0.010857 seconds 
========================================================================
Received Import Request.
  Time since last request: 419.077946 seconds.
  path: Assets/Prefabs/EA_Environment_Nature_Tree_3c.prefab
  artifactKey: Guid(0903d4acd67af9441957ca3fb1067eb9) Importer(815301076,1909f56bfc062723c751e8b465ee728b)
Start importing Assets/Prefabs/EA_Environment_Nature_Tree_3c.prefab using Guid(0903d4acd67af9441957ca3fb1067eb9) Importer(815301076,1909f56bfc062723c751e8b465ee728b)  -> (artifact id: 'd3d0c64f2909535f236df698b0c3971a') in 0.012468 seconds 
========================================================================
Received Import Request.
  Time since last request: 0.000020 seconds.
  path: Assets/Prefabs/EA_Grave_Stone_Mini_02a.prefab
  artifactKey: Guid(541661a4ab5216f4092fb912e37681f8) Importer(815301076,1909f56bfc062723c751e8b465ee728b)
Start importing Assets/Prefabs/EA_Grave_Stone_Mini_02a.prefab using Guid(541661a4ab5216f4092fb912e37681f8) Importer(815301076,1909f56bfc062723c751e8b465ee728b)  -> (artifact id: 'feeabc925c43c76ccc67fcc82846f52a') in 0.010757 seconds 
========================================================================
Received Import Request.
  Time since last request: 0.000018 seconds.
  path: Assets/Prefabs/EA_Path_Sand_Small_Straight_01b.prefab
  artifactKey: Guid(7b9dcd0ac454352458a57603b00e07b1) Importer(815301076,1909f56bfc062723c751e8b465ee728b)
Start importing Assets/Prefabs/EA_Path_Sand_Small_Straight_01b.prefab using Guid(7b9dcd0ac454352458a57603b00e07b1) Importer(815301076,1909f56bfc062723c751e8b465ee728b)  -> (artifact id: '236a2d8e8609d61161f6a2df538e312e') in 0.008145 seconds 
========================================================================
Received Import Request.
  Time since last request: 0.000023 seconds.
  path: Assets/Prefabs/EA_Path_Sand_Small_Straight_01a.prefab
  artifactKey: Guid(32da620b6d0863a4687c058e53d0d513) Importer(815301076,1909f56bfc062723c751e8b465ee728b)
Start importing Assets/Prefabs/EA_Path_Sand_Small_Straight_01a.prefab using Guid(32da620b6d0863a4687c058e53d0d513) Importer(815301076,1909f56bfc062723c751e8b465ee728b)  -> (artifact id: '9d2c27980a3ae9780607d9030661e64a') in 0.012530 seconds 
========================================================================
Received Import Request.
  Time since last request: 0.000026 seconds.
  path: Assets/Prefabs/EA_Grave_Modern_Mini_01b.prefab
  artifactKey: Guid(a57eb6ab923eb324091ecf49839d066b) Importer(815301076,1909f56bfc062723c751e8b465ee728b)
Start importing Assets/Prefabs/EA_Grave_Modern_Mini_01b.prefab using Guid(a57eb6ab923eb324091ecf49839d066b) Importer(815301076,1909f56bfc062723c751e8b465ee728b)  -> (artifact id: '1c1916431424a35f042e397bbb6dbf65') in 0.009282 seconds 
========================================================================
Received Import Request.
  Time since last request: 0.000037 seconds.
  path: Assets/Prefabs/EA_Pumpkin_Candle_02a.prefab
  artifactKey: Guid(ffe16ee44be0ca748bfa4e5a23f1d0f6) Importer(815301076,1909f56bfc062723c751e8b465ee728b)
Start importing Assets/Prefabs/EA_Pumpkin_Candle_02a.prefab using Guid(ffe16ee44be0ca748bfa4e5a23f1d0f6) Importer(815301076,1909f56bfc062723c751e8b465ee728b)  -> (artifact id: '6c2ad01390f71fe96e9dc2ee967e1686') in 0.010450 seconds 
========================================================================
Received Import Request.
  Time since last request: 0.000021 seconds.
  path: Assets/Prefabs/EA_Pumpkin_Candle_02b.prefab
  artifactKey: Guid(51c44ebeea565d5438d39690b10bec7c) Importer(815301076,1909f56bfc062723c751e8b465ee728b)
Start importing Assets/Prefabs/EA_Pumpkin_Candle_02b.prefab using Guid(51c44ebeea565d5438d39690b10bec7c) Importer(815301076,1909f56bfc062723c751e8b465ee728b)  -> (artifact id: '8f838df3f1853cd0d87d428aa4af99fd') in 0.009153 seconds 
========================================================================
Received Import Request.
  Time since last request: 0.000044 seconds.
  path: Assets/Prefabs/EA_Nature_Tree_Crow_04a.prefab
  artifactKey: Guid(a163116a58873284aaaf685bb435397d) Importer(815301076,1909f56bfc062723c751e8b465ee728b)
Start importing Assets/Prefabs/EA_Nature_Tree_Crow_04a.prefab using Guid(a163116a58873284aaaf685bb435397d) Importer(815301076,1909f56bfc062723c751e8b465ee728b)  -> (artifact id: '37be358c390598733f12b6465671346c') in 0.009914 seconds 
========================================================================
Received Import Request.
  Time since last request: 0.000041 seconds.
  path: Assets/Prefabs/EA_Exterior_Lamp_wooden_01a.prefab
  artifactKey: Guid(2ada0a4654e96934f9dab94f5b593442) Importer(815301076,1909f56bfc062723c751e8b465ee728b)
Start importing Assets/Prefabs/EA_Exterior_Lamp_wooden_01a.prefab using Guid(2ada0a4654e96934f9dab94f5b593442) Importer(815301076,1909f56bfc062723c751e8b465ee728b)  -> (artifact id: '7cc27f659145be721889969655fb20c4') in 0.009160 seconds 
========================================================================
Received Import Request.
  Time since last request: 0.000022 seconds.
  path: Assets/Prefabs/EA_Pumpkin_01c.prefab
  artifactKey: Guid(689e8b511b898584885c654e53f8f97b) Importer(815301076,1909f56bfc062723c751e8b465ee728b)
Start importing Assets/Prefabs/EA_Pumpkin_01c.prefab using Guid(689e8b511b898584885c654e53f8f97b) Importer(815301076,1909f56bfc062723c751e8b465ee728b)  -> (artifact id: 'db73e75a078876cf5879d5c9bddb2832') in 0.009895 seconds 
========================================================================
Received Import Request.
  Time since last request: 0.000032 seconds.
  path: Assets/Prefabs/EA_Path_Sand_Small_Bend_01a.prefab
  artifactKey: Guid(748219835cb5c2b4a87ad51afd679232) Importer(815301076,1909f56bfc062723c751e8b465ee728b)
Start importing Assets/Prefabs/EA_Path_Sand_Small_Bend_01a.prefab using Guid(748219835cb5c2b4a87ad51afd679232) Importer(815301076,1909f56bfc062723c751e8b465ee728b)  -> (artifact id: '9c51d92085fcaa443c51e145351f1304') in 0.009854 seconds 
========================================================================
Received Import Request.
  Time since last request: 0.000028 seconds.
  path: Assets/Prefabs/EA_Nature_Tree_Crow_02c.prefab
  artifactKey: Guid(db56ad1c80484d04cb13969a2e4cf028) Importer(815301076,1909f56bfc062723c751e8b465ee728b)
Start importing Assets/Prefabs/EA_Nature_Tree_Crow_02c.prefab using Guid(db56ad1c80484d04cb13969a2e4cf028) Importer(815301076,1909f56bfc062723c751e8b465ee728b)  -> (artifact id: 'e98a7166321cfca8fb2508282e378941') in 0.011128 seconds 
========================================================================
Received Import Request.
  Time since last request: 0.000018 seconds.
  path: Assets/Prefabs/EA_Exterior_Kerb_Moss_01g.prefab
  artifactKey: Guid(61e8f419c8a947e438fdd3e85c345651) Importer(815301076,1909f56bfc062723c751e8b465ee728b)
Start importing Assets/Prefabs/EA_Exterior_Kerb_Moss_01g.prefab using Guid(61e8f419c8a947e438fdd3e85c345651) Importer(815301076,1909f56bfc062723c751e8b465ee728b)  -> (artifact id: 'e9439d9673cd9ab177dd10fe3e254f32') in 0.009157 seconds 
========================================================================
Received Import Request.
  Time since last request: 0.000022 seconds.
  path: Assets/Prefabs/EA_Pumpkin_Candle_02b (1).prefab
  artifactKey: Guid(9fb2467e29290d045b967ef8b3577027) Importer(815301076,1909f56bfc062723c751e8b465ee728b)
Start importing Assets/Prefabs/EA_Pumpkin_Candle_02b (1).prefab using Guid(9fb2467e29290d045b967ef8b3577027) Importer(815301076,1909f56bfc062723c751e8b465ee728b)  -> (artifact id: 'ea83f57a1416782d6ccf2b9926ba8b54') in 0.010621 seconds 
========================================================================
Received Import Request.
  Time since last request: 0.000023 seconds.
  path: Assets/Prefabs/EA_Pumpkin_Candles_Chain_01a.prefab
  artifactKey: Guid(e6def4139e68d614683310950fe8c2f1) Importer(815301076,1909f56bfc062723c751e8b465ee728b)
Start importing Assets/Prefabs/EA_Pumpkin_Candles_Chain_01a.prefab using Guid(e6def4139e68d614683310950fe8c2f1) Importer(815301076,1909f56bfc062723c751e8b465ee728b)  -> (artifact id: 'd3c63d5abf0ac46ac6a1251cbc8e2825') in 0.009960 seconds 
========================================================================
Received Import Request.
  Time since last request: 0.000020 seconds.
  path: Assets/Prefabs/EA_Pavement_Dirt_Straight_01g.prefab
  artifactKey: Guid(5b6de767036d99c4ea54812cfdaefc9a) Importer(815301076,1909f56bfc062723c751e8b465ee728b)
Start importing Assets/Prefabs/EA_Pavement_Dirt_Straight_01g.prefab using Guid(5b6de767036d99c4ea54812cfdaefc9a) Importer(815301076,1909f56bfc062723c751e8b465ee728b)  -> (artifact id: 'cf38ffa9f503e8121634b65f5b9cb61d') in 0.012226 seconds 
========================================================================
Received Import Request.
  Time since last request: 48.408501 seconds.
  path: Assets/Prefabs/EA_Bld_Monument_2a.prefab
  artifactKey: Guid(344101255f6da6b40b9e47a0e1630605) Importer(815301076,1909f56bfc062723c751e8b465ee728b)
Start importing Assets/Prefabs/EA_Bld_Monument_2a.prefab using Guid(344101255f6da6b40b9e47a0e1630605) Importer(815301076,1909f56bfc062723c751e8b465ee728b)  -> (artifact id: '3cffb3ac8835be6e581f7c7c528b2219') in 0.009222 seconds 
========================================================================
Received Import Request.
  Time since last request: 0.000018 seconds.
  path: Assets/Prefabs/EA_Bld_Tomb_Segment_Moss_1c.prefab
  artifactKey: Guid(d986a8c59ea50914eafc4b86f89df633) Importer(815301076,1909f56bfc062723c751e8b465ee728b)
Start importing Assets/Prefabs/EA_Bld_Tomb_Segment_Moss_1c.prefab using Guid(d986a8c59ea50914eafc4b86f89df633) Importer(815301076,1909f56bfc062723c751e8b465ee728b)  -> (artifact id: '6318ee80b800e111794a9d186e5d2804') in 0.009494 seconds 
========================================================================
Received Import Request.
  Time since last request: 0.000023 seconds.
  path: Assets/Prefabs/EA_Bld_Obelisk_2b.prefab
  artifactKey: Guid(56a3b8d4fabc516449930bc14457069c) Importer(815301076,1909f56bfc062723c751e8b465ee728b)
Start importing Assets/Prefabs/EA_Bld_Obelisk_2b.prefab using Guid(56a3b8d4fabc516449930bc14457069c) Importer(815301076,1909f56bfc062723c751e8b465ee728b)  -> (artifact id: 'f75142cad7fd131208208e16aff66cfb') in 0.010496 seconds 
========================================================================
Received Import Request.
  Time since last request: 0.000020 seconds.
  path: Assets/Prefabs/EA_Bld_Tomb_Segment_Clean_1c.prefab
  artifactKey: Guid(fc50de871845bb640aa16c01d5558200) Importer(815301076,1909f56bfc062723c751e8b465ee728b)
Start importing Assets/Prefabs/EA_Bld_Tomb_Segment_Clean_1c.prefab using Guid(fc50de871845bb640aa16c01d5558200) Importer(815301076,1909f56bfc062723c751e8b465ee728b)  -> (artifact id: 'e4088b1d2470e49cec1ae93cb3869d15') in 0.010644 seconds 
========================================================================
Received Import Request.
  Time since last request: 0.000024 seconds.
  path: Assets/Prefabs/EA_Environment_Nature_Root_2c.prefab
  artifactKey: Guid(106778135a59d13418fd10fc53c4b7d6) Importer(815301076,1909f56bfc062723c751e8b465ee728b)
Start importing Assets/Prefabs/EA_Environment_Nature_Root_2c.prefab using Guid(106778135a59d13418fd10fc53c4b7d6) Importer(815301076,1909f56bfc062723c751e8b465ee728b)  -> (artifact id: '63e1c5c5a5653fd5f5b6476362c1c09e') in 0.010593 seconds 
========================================================================
Received Import Request.
  Time since last request: 0.000030 seconds.
  path: Assets/Prefabs/EA_Bld_Monument_3d.prefab
  artifactKey: Guid(f77829575ab7a3a4b838e5cb1b5a8dbf) Importer(815301076,1909f56bfc062723c751e8b465ee728b)
Start importing Assets/Prefabs/EA_Bld_Monument_3d.prefab using Guid(f77829575ab7a3a4b838e5cb1b5a8dbf) Importer(815301076,1909f56bfc062723c751e8b465ee728b)  -> (artifact id: '32ab14a854db0f2b9686c65800b0304c') in 0.009665 seconds 
========================================================================
Received Import Request.
  Time since last request: 0.000020 seconds.
  path: Assets/Prefabs/EA_Bld_Tomb_Segment_Moss_1a.prefab
  artifactKey: Guid(81d31f7ceca6d18439412988f1339c53) Importer(815301076,1909f56bfc062723c751e8b465ee728b)
Start importing Assets/Prefabs/EA_Bld_Tomb_Segment_Moss_1a.prefab using Guid(81d31f7ceca6d18439412988f1339c53) Importer(815301076,1909f56bfc062723c751e8b465ee728b)  -> (artifact id: '6db0ba30e99fe6f7005ce64974f0c84b') in 0.010586 seconds 
========================================================================
Received Import Request.
  Time since last request: 15.117643 seconds.
  path: Assets/Prefabs/EA_Arch_Wall03_End_01d.prefab
  artifactKey: Guid(7b0c0f383dde8644da1d112a213717a9) Importer(815301076,1909f56bfc062723c751e8b465ee728b)
Start importing Assets/Prefabs/EA_Arch_Wall03_End_01d.prefab using Guid(7b0c0f383dde8644da1d112a213717a9) Importer(815301076,1909f56bfc062723c751e8b465ee728b)  -> (artifact id: 'efd5c0020b4e47403121ebfb7c4da28b') in 0.009975 seconds 
========================================================================
Received Import Request.
  Time since last request: 0.000019 seconds.
  path: Assets/Prefabs/EA_Arch_Wall03_Rubble_broken_01b.prefab
  artifactKey: Guid(bc383280e271c9a4f9314b1841fcde36) Importer(815301076,1909f56bfc062723c751e8b465ee728b)
Start importing Assets/Prefabs/EA_Arch_Wall03_Rubble_broken_01b.prefab using Guid(bc383280e271c9a4f9314b1841fcde36) Importer(815301076,1909f56bfc062723c751e8b465ee728b)  -> (artifact id: '225fd3f5210d3e86c7197502e9895523') in 0.011428 seconds 
========================================================================
Received Import Request.
  Time since last request: 0.000022 seconds.
  path: Assets/Prefabs/EA_Bld_Column_01c.prefab
  artifactKey: Guid(9343df4168c417943a136c05de3731c1) Importer(815301076,1909f56bfc062723c751e8b465ee728b)
Start importing Assets/Prefabs/EA_Bld_Column_01c.prefab using Guid(9343df4168c417943a136c05de3731c1) Importer(815301076,1909f56bfc062723c751e8b465ee728b)  -> (artifact id: '90fcd1a0e1587db10668b9c06d9992ef') in 0.011882 seconds 
========================================================================
Received Import Request.
  Time since last request: 0.000019 seconds.
  path: Assets/Prefabs/EA_Arch_Wall03_Rubble_01e.prefab
  artifactKey: Guid(c5850a1975edbb340ad3ce43eb95eb59) Importer(815301076,1909f56bfc062723c751e8b465ee728b)
Start importing Assets/Prefabs/EA_Arch_Wall03_Rubble_01e.prefab using Guid(c5850a1975edbb340ad3ce43eb95eb59) Importer(815301076,1909f56bfc062723c751e8b465ee728b)  -> (artifact id: '084bc1423a05e96a5f484927c3a8f91e') in 0.010679 seconds 
========================================================================
Received Import Request.
  Time since last request: 0.000021 seconds.
  path: Assets/Prefabs/EA_Arch_Wall03_Ruin_01b.prefab
  artifactKey: Guid(9e93029643b99a641a5e1f5dbb60b8fa) Importer(815301076,1909f56bfc062723c751e8b465ee728b)
Start importing Assets/Prefabs/EA_Arch_Wall03_Ruin_01b.prefab using Guid(9e93029643b99a641a5e1f5dbb60b8fa) Importer(815301076,1909f56bfc062723c751e8b465ee728b)  -> (artifact id: 'df7a11a5174cefd6f3edbad7b2b476f6') in 0.010524 seconds 
========================================================================
Received Import Request.
  Time since last request: 0.898744 seconds.
  path: Assets/Prefabs/EA03_Environment_Mud_04.prefab
  artifactKey: Guid(09d8f1fb4efcedd4f85f30a883a2e095) Importer(815301076,1909f56bfc062723c751e8b465ee728b)
Start importing Assets/Prefabs/EA03_Environment_Mud_04.prefab using Guid(09d8f1fb4efcedd4f85f30a883a2e095) Importer(815301076,1909f56bfc062723c751e8b465ee728b)  -> (artifact id: '6a0bbd69a8ae14dea874b51e21552c91') in 0.009340 seconds 
========================================================================
Received Import Request.
  Time since last request: 0.000031 seconds.
  path: Assets/Prefabs/EA03_Environment_Nature_Tree_1b.prefab
  artifactKey: Guid(f292ce9b56cd6414b8a8a1ccc47e9ac4) Importer(815301076,1909f56bfc062723c751e8b465ee728b)
Start importing Assets/Prefabs/EA03_Environment_Nature_Tree_1b.prefab using Guid(f292ce9b56cd6414b8a8a1ccc47e9ac4) Importer(815301076,1909f56bfc062723c751e8b465ee728b)  -> (artifact id: 'c1bca118ef150c0280f5d0d1f52d7755') in 0.010098 seconds 
========================================================================
Received Import Request.
  Time since last request: 0.000018 seconds.
  path: Assets/Prefabs/EA_Arch_Wall03_Corner_01b.prefab
  artifactKey: Guid(639c6ef189a86a648838e617c935a2f2) Importer(815301076,1909f56bfc062723c751e8b465ee728b)
Start importing Assets/Prefabs/EA_Arch_Wall03_Corner_01b.prefab using Guid(639c6ef189a86a648838e617c935a2f2) Importer(815301076,1909f56bfc062723c751e8b465ee728b)  -> (artifact id: '37fa43ec613adbdeb0eb98ee277de28f') in 0.012186 seconds 
========================================================================
Received Import Request.
  Time since last request: 0.000022 seconds.
  path: Assets/Prefabs/EA_Arch_Wall02_Ruin_01a.prefab
  artifactKey: Guid(f2958b53ad0a93040aec845b0e9e97e8) Importer(815301076,1909f56bfc062723c751e8b465ee728b)
Start importing Assets/Prefabs/EA_Arch_Wall02_Ruin_01a.prefab using Guid(f2958b53ad0a93040aec845b0e9e97e8) Importer(815301076,1909f56bfc062723c751e8b465ee728b)  -> (artifact id: 'dd6d649fe7b012fbd6d1ec24712aaed2') in 0.009808 seconds 
========================================================================
Received Import Request.
  Time since last request: 0.000034 seconds.
  path: Assets/Prefabs/EA03_Environment_Mud_06.prefab
  artifactKey: Guid(7029db0e814ed5a488ff1360b7e56ff0) Importer(815301076,1909f56bfc062723c751e8b465ee728b)
Start importing Assets/Prefabs/EA03_Environment_Mud_06.prefab using Guid(7029db0e814ed5a488ff1360b7e56ff0) Importer(815301076,1909f56bfc062723c751e8b465ee728b)  -> (artifact id: '66d1c0ba310cc5ddf21a27a6e1a5a529') in 0.012667 seconds 
========================================================================
Received Import Request.
  Time since last request: 0.512726 seconds.
  path: Assets/Prefabs/EA01_Env_Road_Cobble_01a.prefab
  artifactKey: Guid(9e269e7a29772e142ae391885504f8a8) Importer(815301076,1909f56bfc062723c751e8b465ee728b)
Start importing Assets/Prefabs/EA01_Env_Road_Cobble_01a.prefab using Guid(9e269e7a29772e142ae391885504f8a8) Importer(815301076,1909f56bfc062723c751e8b465ee728b)  -> (artifact id: 'ded434b5da4c720100d276332d9b55a9') in 0.009500 seconds 
========================================================================
Received Import Request.
  Time since last request: 0.000022 seconds.
  path: Assets/Prefabs/EA01_Env_Road_Cobble_Moss_05a.prefab
  artifactKey: Guid(c1a43785bae1b2c40b2d7de3b102e8da) Importer(815301076,1909f56bfc062723c751e8b465ee728b)
Start importing Assets/Prefabs/EA01_Env_Road_Cobble_Moss_05a.prefab using Guid(c1a43785bae1b2c40b2d7de3b102e8da) Importer(815301076,1909f56bfc062723c751e8b465ee728b)  -> (artifact id: '88e006c2206ca765997d9c3504897f6d') in 0.010961 seconds 
========================================================================
Received Import Request.
  Time since last request: 0.000018 seconds.
  path: Assets/Prefabs/EA01_Env_Road_Cobble_Moss_05b.prefab
  artifactKey: Guid(727e99dc76f4b904aa602988d2a17ba5) Importer(815301076,1909f56bfc062723c751e8b465ee728b)
Start importing Assets/Prefabs/EA01_Env_Road_Cobble_Moss_05b.prefab using Guid(727e99dc76f4b904aa602988d2a17ba5) Importer(815301076,1909f56bfc062723c751e8b465ee728b)  -> (artifact id: 'b6e1b6d403719c92c0345f0e4d513747') in 0.011962 seconds 
========================================================================
Received Import Request.
  Time since last request: 0.000014 seconds.
  path: Assets/Prefabs/EA03_Environment_Mud_02.prefab
  artifactKey: Guid(36964b4b680aa1b4fa4fbadeaade3c70) Importer(815301076,1909f56bfc062723c751e8b465ee728b)
Start importing Assets/Prefabs/EA03_Environment_Mud_02.prefab using Guid(36964b4b680aa1b4fa4fbadeaade3c70) Importer(815301076,1909f56bfc062723c751e8b465ee728b)  -> (artifact id: '2a162910d7fe2ff9b0def45cd061b61b') in 0.010624 seconds 
========================================================================
Received Import Request.
  Time since last request: 0.000016 seconds.
  path: Assets/Prefabs/EA01_Env_Road_Cobble_Moss_04b.prefab
  artifactKey: Guid(4e84b334b1b6da54e8e6dbf32ae8f822) Importer(815301076,1909f56bfc062723c751e8b465ee728b)
Start importing Assets/Prefabs/EA01_Env_Road_Cobble_Moss_04b.prefab using Guid(4e84b334b1b6da54e8e6dbf32ae8f822) Importer(815301076,1909f56bfc062723c751e8b465ee728b)  -> (artifact id: '2b1cc7de9215f19c095a10007707ffc9') in 0.014491 seconds 
Editor requested this worker to shutdown with reason: Scaling down because of idle timeout
AssetImportWorker is now disconnected from the server
Process exiting
Exiting without the bug reporter. Application will terminate with return code 0