Using pre-set license
Built from '2021.3/staging' branch; Version is '2021.3.8f1 (b30333d56e81) revision 11731763'; Using compiler version '192829333'; Build Type 'Release'
OS: 'Windows 10  (10.0.19044) 64bit CoreSingleLanguage' Language: 'en' Physical Memory: 32588 MB
BatchMode: 1, IsHumanControllingUs: 0, StartBugReporterOnCrash: 0, Is64bit: 1, IsPro: 1

COMMAND LINE ARGUMENTS:
C:\Program Files\Unity\Hub\Editor\2021.3.8f1\Editor\Unity.exe
-adb2
-batchMode
-noUpm
-name
AssetImportWorker1
-projectPath
D:/Projects/UnityProjects/InvisibleEvilJam/InvisibleEvil
-logFile
Logs/AssetImportWorker1.log
-srvPort
51799
Successfully changed project path to: D:/Projects/UnityProjects/InvisibleEvilJam/InvisibleEvil
D:/Projects/UnityProjects/InvisibleEvilJam/InvisibleEvil
[UnityMemory] Configuration Parameters - Can be set up in boot.config
    "memorysetup-bucket-allocator-granularity=16"
    "memorysetup-bucket-allocator-bucket-count=8"
    "memorysetup-bucket-allocator-block-size=33554432"
    "memorysetup-bucket-allocator-block-count=8"
    "memorysetup-main-allocator-block-size=16777216"
    "memorysetup-thread-allocator-block-size=16777216"
    "memorysetup-gfx-main-allocator-block-size=16777216"
    "memorysetup-gfx-thread-allocator-block-size=16777216"
    "memorysetup-cache-allocator-block-size=4194304"
    "memorysetup-typetree-allocator-block-size=2097152"
    "memorysetup-profiler-bucket-allocator-granularity=16"
    "memorysetup-profiler-bucket-allocator-bucket-count=8"
    "memorysetup-profiler-bucket-allocator-block-size=33554432"
    "memorysetup-profiler-bucket-allocator-block-count=8"
    "memorysetup-profiler-allocator-block-size=16777216"
    "memorysetup-profiler-editor-allocator-block-size=1048576"
    "memorysetup-temp-allocator-size-main=16777216"
    "memorysetup-job-temp-allocator-block-size=2097152"
    "memorysetup-job-temp-allocator-block-size-background=1048576"
    "memorysetup-job-temp-allocator-reduction-small-platforms=262144"
    "memorysetup-temp-allocator-size-background-worker=32768"
    "memorysetup-temp-allocator-size-job-worker=262144"
    "memorysetup-temp-allocator-size-preload-manager=33554432"
    "memorysetup-temp-allocator-size-nav-mesh-worker=65536"
    "memorysetup-temp-allocator-size-audio-worker=65536"
    "memorysetup-temp-allocator-size-cloud-worker=32768"
    "memorysetup-temp-allocator-size-gi-baking-worker=262144"
    "memorysetup-temp-allocator-size-gfx=262144"
Refreshing native plugins compatible for Editor in 84.30 ms, found 3 plugins.
Preloading 0 native plugins for Editor in 0.00 ms.
Initialize engine version: 2021.3.8f1 (b30333d56e81)
[Subsystems] Discovering subsystems at path C:/Program Files/Unity/Hub/Editor/2021.3.8f1/Editor/Data/Resources/UnitySubsystems
[Subsystems] Discovering subsystems at path D:/Projects/UnityProjects/InvisibleEvilJam/InvisibleEvil/Assets
GfxDevice: creating device client; threaded=0; jobified=0
Direct3D:
    Version:  Direct3D 11.0 [level 11.1]
    Renderer: NVIDIA GeForce RTX 2070 (ID=0x1f14)
    Vendor:   NVIDIA
    VRAM:     8031 MB
    Driver:   27.21.14.5751
Initialize mono
Mono path[0] = 'C:/Program Files/Unity/Hub/Editor/2021.3.8f1/Editor/Data/Managed'
Mono path[1] = 'C:/Program Files/Unity/Hub/Editor/2021.3.8f1/Editor/Data/MonoBleedingEdge/lib/mono/unityjit-win32'
Mono config path = 'C:/Program Files/Unity/Hub/Editor/2021.3.8f1/Editor/Data/MonoBleedingEdge/etc'
Using monoOptions --debugger-agent=transport=dt_socket,embedding=1,server=y,suspend=n,address=127.0.0.1:56068
Begin MonoManager ReloadAssembly
Registering precompiled unity dll's ...
Register platform support module: C:/Program Files/Unity/Hub/Editor/2021.3.8f1/Editor/Data/PlaybackEngines/WindowsStandaloneSupport/UnityEditor.WindowsStandalone.Extensions.dll
Registered in 0.008567 seconds.
Native extension for WindowsStandalone target not found
Refreshing native plugins compatible for Editor in 85.58 ms, found 3 plugins.
Preloading 0 native plugins for Editor in 0.00 ms.
Mono: successfully reloaded assembly
- Completed reload, in  0.680 seconds
Domain Reload Profiling:
	ReloadAssembly (680ms)
		BeginReloadAssembly (75ms)
			ExecutionOrderSort (0ms)
			DisableScriptedObjects (0ms)
			BackupInstance (0ms)
			ReleaseScriptingObjects (0ms)
			CreateAndSetChildDomain (1ms)
		EndReloadAssembly (487ms)
			LoadAssemblies (72ms)
			RebuildTransferFunctionScriptingTraits (0ms)
			SetupTypeCache (106ms)
			ReleaseScriptCaches (0ms)
			RebuildScriptCaches (27ms)
			SetupLoadedEditorAssemblies (302ms)
				LogAssemblyErrors (0ms)
				InitializePlatformSupportModulesInManaged (8ms)
				SetLoadedEditorAssemblies (0ms)
				RefreshPlugins (86ms)
				BeforeProcessingInitializeOnLoad (1ms)
				ProcessInitializeOnLoadAttributes (146ms)
				ProcessInitializeOnLoadMethodAttributes (61ms)
				AfterProcessingInitializeOnLoad (0ms)
				EditorAssembliesLoaded (0ms)
			ExecutionOrderSort2 (0ms)
			AwakeInstancesAfterBackupRestoration (0ms)
Platform modules already initialized, skipping
Registering precompiled user dll's ...
Registered in 0.003461 seconds.
Begin MonoManager ReloadAssembly
Symbol file LoadedFromMemory doesn't match image D:\Projects\UnityProjects\InvisibleEvilJam\InvisibleEvil\Library\PackageCache\com.unity.visualscripting@1.7.8\Editor\VisualScripting.Core\Dependencies\YamlDotNet\Unity.VisualScripting.YamlDotNet.dll
Symbol file LoadedFromMemory doesn't match image D:\Projects\UnityProjects\InvisibleEvilJam\InvisibleEvil\Library\PackageCache\com.unity.visualscripting@1.7.8\Editor\VisualScripting.Core\Dependencies\DotNetZip\Unity.VisualScripting.IonicZip.dll
Native extension for WindowsStandalone target not found
Refreshing native plugins compatible for Editor in 0.75 ms, found 3 plugins.
Preloading 0 native plugins for Editor in 0.00 ms.
Mono: successfully reloaded assembly
- Completed reload, in  1.037 seconds
Domain Reload Profiling:
	ReloadAssembly (1038ms)
		BeginReloadAssembly (107ms)
			ExecutionOrderSort (0ms)
			DisableScriptedObjects (5ms)
			BackupInstance (0ms)
			ReleaseScriptingObjects (0ms)
			CreateAndSetChildDomain (17ms)
		EndReloadAssembly (806ms)
			LoadAssemblies (79ms)
			RebuildTransferFunctionScriptingTraits (0ms)
			SetupTypeCache (245ms)
			ReleaseScriptCaches (1ms)
			RebuildScriptCaches (53ms)
			SetupLoadedEditorAssemblies (387ms)
				LogAssemblyErrors (0ms)
				InitializePlatformSupportModulesInManaged (7ms)
				SetLoadedEditorAssemblies (1ms)
				RefreshPlugins (1ms)
				BeforeProcessingInitializeOnLoad (88ms)
				ProcessInitializeOnLoadAttributes (254ms)
				ProcessInitializeOnLoadMethodAttributes (26ms)
				AfterProcessingInitializeOnLoad (11ms)
				EditorAssembliesLoaded (0ms)
			ExecutionOrderSort2 (0ms)
			AwakeInstancesAfterBackupRestoration (6ms)
Platform modules already initialized, skipping
========================================================================
Worker process is ready to serve import requests
Launched and connected shader compiler UnityShaderCompiler.exe after 0.03 seconds
Refreshing native plugins compatible for Editor in 0.67 ms, found 3 plugins.
Preloading 0 native plugins for Editor in 0.00 ms.
Unloading 3679 Unused Serialized files (Serialized files now loaded: 0)
Unloading 25 unused Assets / (108.0 KB). Loaded Objects now: 4142.
Memory consumption went from 131.4 MB to 131.3 MB.
Total: 3.004200 ms (FindLiveObjects: 0.289400 ms CreateObjectMapping: 0.288700 ms MarkObjects: 2.304800 ms  DeleteObjects: 0.120600 ms)

AssetImportParameters requested are different than current active one (requested -> active):
  custom:video-decoder-ogg-theora: a1e56fd34408186e4bbccfd4996cb3dc -> 
  custom:container-muxer-webm: aa71ff27fc2769a1b78a27578f13a17b -> 
  custom:container-demuxer-webm: 4f35f7cbe854078d1ac9338744f61a02 -> 
  custom:video-encoder-webm-vp8: eb34c28f22e8b96e1ab97ce403110664 -> 
  custom:audio-encoder-webm-vorbis: bf7c407c2cedff20999df2af8eb42d56 -> 
  custom:framework-win-MediaFoundation: 216162199b28c13a410421893ffa2e32 -> 
  custom:container-demuxer-ogg: 62fdf1f143b41e24485cea50d1cbac27 -> 
  custom:video-decoder-webm-vp8: 9c59270c3fd7afecdb556c50c9e8de78 -> 
  custom:audio-decoder-ogg-vorbis: bf7c407c2cedff20999df2af8eb42d56 -> 
========================================================================
Received Import Request.
  Time since last request: 444568.787982 seconds.
  path: Assets/EmaceArt_LavaPlant/Material/EA_Lava_water.mat
  artifactKey: Guid(4c647d1fb76df084a87cb66050040bf0) Importer(815301076,1909f56bfc062723c751e8b465ee728b)
Start importing Assets/EmaceArt_LavaPlant/Material/EA_Lava_water.mat using Guid(4c647d1fb76df084a87cb66050040bf0) Importer(815301076,1909f56bfc062723c751e8b465ee728b)  -> (artifact id: 'cb8cbdc7fb980c919c89c56cd520e6b2') in 0.105840 seconds 
========================================================================
Received Import Request.
  Time since last request: 0.000019 seconds.
  path: Assets/EmaceArt_LavaPlant/Material/EA_Main.mat
  artifactKey: Guid(206182d338e90fb47af42c620ec448c1) Importer(815301076,1909f56bfc062723c751e8b465ee728b)
Start importing Assets/EmaceArt_LavaPlant/Material/EA_Main.mat using Guid(206182d338e90fb47af42c620ec448c1) Importer(815301076,1909f56bfc062723c751e8b465ee728b)  -> (artifact id: '437a1b5be01e07719945e7c374dcebd8') in 0.014075 seconds 
========================================================================
Received Import Request.
  Time since last request: 1.764266 seconds.
  path: Assets/EmaceArt_LavaPlant/Meshes/EA_Clif_01b.fbx
  artifactKey: Guid(38a508839fd74d74eb171c31a4a7e0b9) Importer(815301076,1909f56bfc062723c751e8b465ee728b)
Start importing Assets/EmaceArt_LavaPlant/Meshes/EA_Clif_01b.fbx using Guid(38a508839fd74d74eb171c31a4a7e0b9) Importer(815301076,1909f56bfc062723c751e8b465ee728b)  -> (artifact id: '937de538ffcddb97415e399ef36141ac') in 0.078564 seconds 
========================================================================
Received Import Request.
  Time since last request: 0.000029 seconds.
  path: Assets/EmaceArt_LavaPlant/Meshes/Rocks_01b.fbx
  artifactKey: Guid(becde446aff1afd47be2f32209a3be58) Importer(815301076,1909f56bfc062723c751e8b465ee728b)
Start importing Assets/EmaceArt_LavaPlant/Meshes/Rocks_01b.fbx using Guid(becde446aff1afd47be2f32209a3be58) Importer(815301076,1909f56bfc062723c751e8b465ee728b)  -> (artifact id: '77218a53691497d98d4695a2c88a4c27') in 0.030912 seconds 
========================================================================
Received Import Request.
  Time since last request: 0.000028 seconds.
  path: Assets/EmaceArt_LavaPlant/Meshes/EA_Clif_01c.fbx
  artifactKey: Guid(c97fe58f64015a4419356d82019eb336) Importer(815301076,1909f56bfc062723c751e8b465ee728b)
Start importing Assets/EmaceArt_LavaPlant/Meshes/EA_Clif_01c.fbx using Guid(c97fe58f64015a4419356d82019eb336) Importer(815301076,1909f56bfc062723c751e8b465ee728b)  -> (artifact id: '8d3dde3af9cb6e47fe09db6e6f229122') in 0.018781 seconds 
========================================================================
Received Import Request.
  Time since last request: 0.000018 seconds.
  path: Assets/EmaceArt_LavaPlant/Meshes/Rocks_01a.fbx
  artifactKey: Guid(58560f56c694fde478ac5ff42c1d4dfe) Importer(815301076,1909f56bfc062723c751e8b465ee728b)
Start importing Assets/EmaceArt_LavaPlant/Meshes/Rocks_01a.fbx using Guid(58560f56c694fde478ac5ff42c1d4dfe) Importer(815301076,1909f56bfc062723c751e8b465ee728b)  -> (artifact id: '3b002d92346a6076ecf58854a94e0d87') in 0.020011 seconds 
========================================================================
Received Import Request.
  Time since last request: 0.000021 seconds.
  path: Assets/EmaceArt_LavaPlant/Meshes/EA_Fruit_01b.fbx
  artifactKey: Guid(e095e57bf6dd14e49be2112e23c5b791) Importer(815301076,1909f56bfc062723c751e8b465ee728b)
Start importing Assets/EmaceArt_LavaPlant/Meshes/EA_Fruit_01b.fbx using Guid(e095e57bf6dd14e49be2112e23c5b791) Importer(815301076,1909f56bfc062723c751e8b465ee728b)  -> (artifact id: '75f5351c96680f467abf90e95048a653') in 0.022942 seconds 
========================================================================
Received Import Request.
  Time since last request: 0.000017 seconds.
  path: Assets/EmaceArt_LavaPlant/Meshes/EA_Clif_01d.fbx
  artifactKey: Guid(12c4255785e41df419d9053801061cb8) Importer(815301076,1909f56bfc062723c751e8b465ee728b)
Start importing Assets/EmaceArt_LavaPlant/Meshes/EA_Clif_01d.fbx using Guid(12c4255785e41df419d9053801061cb8) Importer(815301076,1909f56bfc062723c751e8b465ee728b)  -> (artifact id: '90a74d79de7d291b73cd27347d3a1122') in 0.018712 seconds 
========================================================================
Received Import Request.
  Time since last request: 0.000020 seconds.
  path: Assets/EmaceArt_LavaPlant/Meshes/Rocks_01c.fbx
  artifactKey: Guid(c9f229390f373e048a5ebc1aaea6568e) Importer(815301076,1909f56bfc062723c751e8b465ee728b)
Start importing Assets/EmaceArt_LavaPlant/Meshes/Rocks_01c.fbx using Guid(c9f229390f373e048a5ebc1aaea6568e) Importer(815301076,1909f56bfc062723c751e8b465ee728b)  -> (artifact id: '7ebf2ca77d8d6ef1ced8ec989fda807e') in 0.020029 seconds 
========================================================================
Received Import Request.
  Time since last request: 0.000018 seconds.
  path: Assets/EmaceArt_LavaPlant/Meshes/EA_Puddle_01b.fbx
  artifactKey: Guid(6a00f3128e8a1a5418263ff039783611) Importer(815301076,1909f56bfc062723c751e8b465ee728b)
Start importing Assets/EmaceArt_LavaPlant/Meshes/EA_Puddle_01b.fbx using Guid(6a00f3128e8a1a5418263ff039783611) Importer(815301076,1909f56bfc062723c751e8b465ee728b)  -> (artifact id: '27ee90c6b918759a87446e60cacea9f0') in 0.018665 seconds 
========================================================================
Received Import Request.
  Time since last request: 0.000024 seconds.
  path: Assets/EmaceArt_LavaPlant/Meshes/EA_Plant_01b.fbx
  artifactKey: Guid(f31cbe69df46fe4479954bfa8907357c) Importer(815301076,1909f56bfc062723c751e8b465ee728b)
Start importing Assets/EmaceArt_LavaPlant/Meshes/EA_Plant_01b.fbx using Guid(f31cbe69df46fe4479954bfa8907357c) Importer(815301076,1909f56bfc062723c751e8b465ee728b)  -> (artifact id: '08ccf8dd9654a21756a2e6a271383e25') in 0.019277 seconds 
========================================================================
Received Import Request.
  Time since last request: 0.000036 seconds.
  path: Assets/EmaceArt_LavaPlant/Meshes/EA_Puddle_01c.fbx
  artifactKey: Guid(9e79408fc5f6ec04caa4ce46f3d5baa9) Importer(815301076,1909f56bfc062723c751e8b465ee728b)
Start importing Assets/EmaceArt_LavaPlant/Meshes/EA_Puddle_01c.fbx using Guid(9e79408fc5f6ec04caa4ce46f3d5baa9) Importer(815301076,1909f56bfc062723c751e8b465ee728b)  -> (artifact id: 'f66bf39dd2a4da5de6bf30c23fefb2f5') in 0.028236 seconds 
========================================================================
Received Import Request.
  Time since last request: 0.000023 seconds.
  path: Assets/EmaceArt_LavaPlant/Meshes/EA_Plant_01d.fbx
  artifactKey: Guid(5f382bd364971194d97219e1795a1c8b) Importer(815301076,1909f56bfc062723c751e8b465ee728b)
Start importing Assets/EmaceArt_LavaPlant/Meshes/EA_Plant_01d.fbx using Guid(5f382bd364971194d97219e1795a1c8b) Importer(815301076,1909f56bfc062723c751e8b465ee728b)  -> (artifact id: 'c7297f5022cc3be01a5a5327248e389d') in 0.022144 seconds 
========================================================================
Received Import Request.
  Time since last request: 2.789132 seconds.
  path: Assets/EmaceArt_LavaPlant/Prefabs/EA_Clif_01c_Default.prefab
  artifactKey: Guid(27c3faa0d10c39742aab8ab802a5dd37) Importer(815301076,1909f56bfc062723c751e8b465ee728b)
Start importing Assets/EmaceArt_LavaPlant/Prefabs/EA_Clif_01c_Default.prefab using Guid(27c3faa0d10c39742aab8ab802a5dd37) Importer(815301076,1909f56bfc062723c751e8b465ee728b)  -> (artifact id: '26738783dda8af75e0c0abb3932ecff4') in 0.012000 seconds 
========================================================================
Received Import Request.
  Time since last request: 0.000016 seconds.
  path: Assets/EmaceArt_LavaPlant/Prefabs/Rocks_01c_Default.prefab
  artifactKey: Guid(171d553dcae56124aa6a1ec1fdb8854f) Importer(815301076,1909f56bfc062723c751e8b465ee728b)
Start importing Assets/EmaceArt_LavaPlant/Prefabs/Rocks_01c_Default.prefab using Guid(171d553dcae56124aa6a1ec1fdb8854f) Importer(815301076,1909f56bfc062723c751e8b465ee728b)  -> (artifact id: '0a1eb4d8f08ed7b9fdcf8b10eb0be702') in 0.011410 seconds 
========================================================================
Received Import Request.
  Time since last request: 0.000060 seconds.
  path: Assets/EmaceArt_LavaPlant/Prefabs/EA_Puddle_01c_Default.prefab
  artifactKey: Guid(6a4bb2590ab0fe4499450223b402a8a4) Importer(815301076,1909f56bfc062723c751e8b465ee728b)
Start importing Assets/EmaceArt_LavaPlant/Prefabs/EA_Puddle_01c_Default.prefab using Guid(6a4bb2590ab0fe4499450223b402a8a4) Importer(815301076,1909f56bfc062723c751e8b465ee728b)  -> (artifact id: '0f2dbd09a52b3a4e6c8fc0b9ac5b105b') in 0.012266 seconds 
========================================================================
Received Import Request.
  Time since last request: 0.000041 seconds.
  path: Assets/EmaceArt_LavaPlant/Prefabs/EA_Plant_01b_Default.prefab
  artifactKey: Guid(ef58c30d9dc06a842ba94e365f157dae) Importer(815301076,1909f56bfc062723c751e8b465ee728b)
Start importing Assets/EmaceArt_LavaPlant/Prefabs/EA_Plant_01b_Default.prefab using Guid(ef58c30d9dc06a842ba94e365f157dae) Importer(815301076,1909f56bfc062723c751e8b465ee728b)  -> (artifact id: '5ee8efe13dad986d0b2455efcf4b035f') in 0.013610 seconds 
========================================================================
Received Import Request.
  Time since last request: 0.000023 seconds.
  path: Assets/EmaceArt_LavaPlant/Prefabs/EA_Plant_01a_Default.prefab
  artifactKey: Guid(f7968a2e493ab01448ea52078fa8a896) Importer(815301076,1909f56bfc062723c751e8b465ee728b)
Start importing Assets/EmaceArt_LavaPlant/Prefabs/EA_Plant_01a_Default.prefab using Guid(f7968a2e493ab01448ea52078fa8a896) Importer(815301076,1909f56bfc062723c751e8b465ee728b)  -> (artifact id: '138d9bad473ab13a44f4a67a30a8e53a') in 0.012727 seconds 
========================================================================
Received Import Request.
  Time since last request: 0.000025 seconds.
  path: Assets/EmaceArt_LavaPlant/Prefabs/EA_Plant_01e_Default.prefab
  artifactKey: Guid(88a6c31095668d046b2d8f8c8101c845) Importer(815301076,1909f56bfc062723c751e8b465ee728b)
Start importing Assets/EmaceArt_LavaPlant/Prefabs/EA_Plant_01e_Default.prefab using Guid(88a6c31095668d046b2d8f8c8101c845) Importer(815301076,1909f56bfc062723c751e8b465ee728b)  -> (artifact id: '8052690ff37f18b8a53faf5327f1aebe') in 0.012978 seconds 
========================================================================
Received Import Request.
  Time since last request: 0.000025 seconds.
  path: Assets/EmaceArt_LavaPlant/Prefabs/EA_Fruit_01b_Default.prefab
  artifactKey: Guid(9384a9cf18e2a574186830c72b490a9c) Importer(815301076,1909f56bfc062723c751e8b465ee728b)
Start importing Assets/EmaceArt_LavaPlant/Prefabs/EA_Fruit_01b_Default.prefab using Guid(9384a9cf18e2a574186830c72b490a9c) Importer(815301076,1909f56bfc062723c751e8b465ee728b)  -> (artifact id: '2c6204fbf6982fc7e34631c7101b2243') in 0.011135 seconds 
========================================================================
Received Import Request.
  Time since last request: 0.000017 seconds.
  path: Assets/EmaceArt_LavaPlant/Prefabs/EA_Plant_01d_Default.prefab
  artifactKey: Guid(c79a2f29d708c6d4dad6515d25151177) Importer(815301076,1909f56bfc062723c751e8b465ee728b)
Start importing Assets/EmaceArt_LavaPlant/Prefabs/EA_Plant_01d_Default.prefab using Guid(c79a2f29d708c6d4dad6515d25151177) Importer(815301076,1909f56bfc062723c751e8b465ee728b)  -> (artifact id: 'a3dba3b8f811b8a4dd44139e8d76d40a') in 0.016902 seconds 
========================================================================
Received Import Request.
  Time since last request: 0.000061 seconds.
  path: Assets/EmaceArt_LavaPlant/Prefabs/EA_Puddle_01b_Default.prefab
  artifactKey: Guid(34791ce18d065aa43a02a06ff5e3c703) Importer(815301076,1909f56bfc062723c751e8b465ee728b)
Start importing Assets/EmaceArt_LavaPlant/Prefabs/EA_Puddle_01b_Default.prefab using Guid(34791ce18d065aa43a02a06ff5e3c703) Importer(815301076,1909f56bfc062723c751e8b465ee728b)  -> (artifact id: '0b30016274eaa936dffd3f91a0ffac6e') in 0.015933 seconds 
========================================================================
Received Import Request.
  Time since last request: 10.889590 seconds.
  path: Assets/EmaceArt_LavaPlant/Skybox/SkyBox/Sky_2_Left+X.png
  artifactKey: Guid(530cdbf9e0f2f45239f957330e5cb249) Importer(815301076,1909f56bfc062723c751e8b465ee728b)
Start importing Assets/EmaceArt_LavaPlant/Skybox/SkyBox/Sky_2_Left+X.png using Guid(530cdbf9e0f2f45239f957330e5cb249) Importer(815301076,1909f56bfc062723c751e8b465ee728b)  -> (artifact id: '9c8499ff26a0bd389f43848d22f07ef9') in 0.028673 seconds 
========================================================================
Received Import Request.
  Time since last request: 0.000018 seconds.
  path: Assets/EmaceArt_LavaPlant/Skybox/SkyBox/Sky_5_Down-Y.png
  artifactKey: Guid(0986bee61deb042389dfc7a860a1fa3a) Importer(815301076,1909f56bfc062723c751e8b465ee728b)
Start importing Assets/EmaceArt_LavaPlant/Skybox/SkyBox/Sky_5_Down-Y.png using Guid(0986bee61deb042389dfc7a860a1fa3a) Importer(815301076,1909f56bfc062723c751e8b465ee728b)  -> (artifact id: 'ca68c1d4e322100d45dd8a2beaa2d44f') in 0.010299 seconds 
========================================================================
Received Import Request.
  Time since last request: 0.000027 seconds.
  path: Assets/EmaceArt_LavaPlant/Skybox/SkyBox/Sky_Up+Y.png
  artifactKey: Guid(4b733fcd5d5b54a4d8f2dff5482e0126) Importer(815301076,1909f56bfc062723c751e8b465ee728b)
Start importing Assets/EmaceArt_LavaPlant/Skybox/SkyBox/Sky_Up+Y.png using Guid(4b733fcd5d5b54a4d8f2dff5482e0126) Importer(815301076,1909f56bfc062723c751e8b465ee728b)  -> (artifact id: '3dd6ff75ad157f783c0d963008c6fb4a') in 0.011625 seconds 
Editor requested this worker to shutdown with reason: Scaling down because of idle timeout
AssetImportWorker is now disconnected from the server
Process exiting
Exiting without the bug reporter. Application will terminate with return code 0